<?xml version="1.0" encoding="utf-8"?>
<TestRun id="884f8d89-dc0e-47fe-b702-8ea05b92f7ad" name="@LEO-UBUNTU 2026-09-11 17:55:55" xmlns="http://microsoft.com/schemas/VisualStudio/TeamTest/2010">
  <Times creation="2026-09-11T17:55:55.1257641+10:00" queuing="2026-09-11T17:55:55.1257641+10:00" start="2026-09-11T17:55:54.5913480+10:00" finish="2026-09-11T17:55:55.1260726+10:00" />
  <TestSettings name="default" id="005036f0-25dd-41c3-931f-4dcfbdd1d60f">
    <Deployment runDeploymentRoot="_LEO-UBUNTU_2026-09-11_17_55_55" />
  </TestSettings>
  <TestLists>
    <TestList name="Results Not in a List" id="8c84fa94-04c1-424b-9868-57a2d4851a1d" />
    <TestList name="All Loaded Results" id="19431567-8539-422a-85d7-44ee4e166bda" />
  </TestLists>
  <ResultSummary outcome="Completed">
    <Counters total="0" executed="0" passed="0" failed="0" error="0" timeout="0" aborted="0" inconclusive="0" passedButRunAborted="0" notRunnable="0" notExecuted="0" disconnected="0" warning="0" completed="0" inProgress="0" pending="0" />
    <Output>
      <StdOut>[xUnit.net 00:00:00.00] xUnit.net VSTest Adapter v4.0.0+05679a7ab5 (64-bit .NET 10.0.12)
[xUnit.net 00:00:00.10]   Discovering: MyloMail.Api.IntegrationTests
[xUnit.net 00:00:00.11]   Discovered:  MyloMail.Api.IntegrationTests
</StdOut>
    </Output>
    <RunInfos>
      <RunInfo computerName="LEO-UBUNTU" outcome="Warning" timestamp="2026-09-11T17:55:55.0609881+10:00">
        <Text>No test matches the given testcase filter `Category!=Deep` in /home/leo/repos/mylomail/server/MyloMail.Api.IntegrationTests/bin/Debug/net10.0/MyloMail.Api.IntegrationTests.dll</Text>
      </RunInfo>
    </RunInfos>
  </ResultSummary>
</TestRun>