<?xml version="1.0" encoding="utf-8"?>
<TestRun id="7d00f527-dfd5-4a44-9b0c-60757e320239" name="@LEO-UBUNTU 2026-09-11 17:55:55" xmlns="http://microsoft.com/schemas/VisualStudio/TeamTest/2010">
  <Times creation="2026-09-11T17:55:55.3241415+10:00" queuing="2026-09-11T17:55:55.3241416+10:00" start="2026-09-11T17:55:54.5844562+10:00" finish="2026-09-11T17:56:21.3420967+10:00" />
  <TestSettings name="default" id="ba87d562-42d7-49ba-9f1c-4467a73c2285">
    <Deployment runDeploymentRoot="_LEO-UBUNTU_2026-09-11_17_55_55" />
  </TestSettings>
  <Results>
    <UnitTestResult executionId="6dca18b8-246c-4c92-81f1-774ebd69d637" testId="b249653d-1c0d-d805-fe34-2bed40b8f513" testName="MyloMail.Api.Tests.Sync.IntegrityReconciliationTests.Condstore_uid_set_reconciliation_removes_an_expunge_despite_a_valid_cursor" computerName="LEO-UBUNTU" duration="00:00:04.5589905" startTime="2026-09-11T17:55:55.2758660+10:00" endTime="2026-09-11T17:55:59.8304046+10:00" testType="13cdc9d9-ddb5-4fa4-a97d-d965ccfc6d4b" outcome="Passed" testListId="8c84fa94-04c1-424b-9868-57a2d4851a1d" relativeResultsDirectory="6dca18b8-246c-4c92-81f1-774ebd69d637" />
    <UnitTestResult executionId="47fc8034-08bc-4870-ae04-7369c1c5caf0" testId="b516b290-d26f-e22b-b4ae-52e0222d1571" testName="MyloMail.Api.Tests.Outbox.AccountStatusAnnouncementTests.A_run_that_succeeds_after_the_store_recovers_clears_the_status" computerName="LEO-UBUNTU" duration="00:00:01.8183976" startTime="2026-09-11T17:56:04.9524162+10:00" endTime="2026-09-11T17:56:06.7706508+10:00" testType="13cdc9d9-ddb5-4fa4-a97d-d965ccfc6d4b" outcome="Passed" testListId="8c84fa94-04c1-424b-9868-57a2d4851a1d" relativeResultsDirectory="47fc8034-08bc-4870-ae04-7369c1c5caf0" />
    <UnitTestResult executionId="176dc47a-99b2-4c6d-a496-3bad2c49c388" testId="10a53b28-a06f-2979-3a55-35f8565171ee" testName="MyloMail.Api.Tests.Content.AttachmentServiceTests.Sanitises_untrusted_filenames(input: &quot;report. &quot;, expected: &quot;report&quot;)" computerName="LEO-UBUNTU" duration="00:00:00.0003133" startTime="2026-09-11T17:56:07.9305513+10:00" endTime="2026-09-11T17:56:07.9306184+10:00" testType="13cdc9d9-ddb5-4fa4-a97d-d965ccfc6d4b" outcome="Passed" testListId="8c84fa94-04c1-424b-9868-57a2d4851a1d" relativeResultsDirectory="176dc47a-99b2-4c6d-a496-3bad2c49c388" />
    <UnitTestResult executionId="f99f31e6-1b7f-4339-a6b3-08b0d9140781" testId="938ea43e-56b9-dd74-9c3e-c7005fadf0ec" testName="MyloMail.Api.Tests.Providers.CalDavCalendarProviderTests.Lists_the_configured_endpoint_as_one_calendar" computerName="LEO-UBUNTU" duration="00:00:00.0358791" startTime="2026-09-11T17:56:05.6853648+10:00" endTime="2026-09-11T17:56:05.7218245+10:00" testType="13cdc9d9-ddb5-4fa4-a97d-d965ccfc6d4b" outcome="Passed" testListId="8c84fa94-04c1-424b-9868-57a2d4851a1d" relativeResultsDirectory="f99f31e6-1b7f-4339-a6b3-08b0d9140781" />
    <UnitTestResult executionId="9ca90729-d61b-4ee0-b6d0-3269559cb597" testId="211d5f3f-ec10-013d-fbb1-371001031bb7" testName="MyloMail.Api.Tests.Compose.SendIdentityServiceTests.Updating_an_identity_to_a_blank_name_or_address_is_rejected" computerName="LEO-UBUNTU" duration="00:00:01.1837935" startTime="2026-09-11T17:56:13.2105522+10:00" endTime="2026-09-11T17:56:14.3940872+10:00" testType="13cdc9d9-ddb5-4fa4-a97d-d965ccfc6d4b" outcome="Passed" testListId="8c84fa94-04c1-424b-9868-57a2d4851a1d" relativeResultsDirectory="9ca90729-d61b-4ee0-b6d0-3269559cb597" />
    <UnitTestResult executionId="6d3299f9-257d-44d9-8a35-6ab035d5cba0" testId="2ac74c9a-2635-2a01-c31d-6ebe6f3a464b" testName="MyloMail.Api.Tests.Sync.SyncTests.Replaying_a_coverage_page_is_idempotent" computerName="LEO-UBUNTU" duration="00:00:00.3770357" startTime="2026-09-11T17:56:19.2349881+10:00" endTime="2026-09-11T17:56:19.6118109+10:00" testType="13cdc9d9-ddb5-4fa4-a97d-d965ccfc6d4b" outcome="Passed" testListId="8c84fa94-04c1-424b-9868-57a2d4851a1d" relativeResultsDirectory="6d3299f9-257d-44d9-8a35-6ab035d5cba0" />
    <UnitTestResult executionId="1df96a77-42df-4e85-93af-433a440a12c9" testId="4b463440-9802-59b8-c42d-b61939f2c5de" testName="MyloMail.Api.Tests.Sync.MessageThreadingTests.A_new_ancestor_rethreads_its_persisted_parent_before_a_new_child_is_assigned" computerName="LEO-UBUNTU" duration="00:00:01.2562870" startTime="2026-09-11T17:56:14.0387312+10:00" endTime="2026-09-11T17:56:15.3047473+10:00" testType="13cdc9d9-ddb5-4fa4-a97d-d965ccfc6d4b" outcome="Failed" testListId="8c84fa94-04c1-424b-9868-57a2d4851a1d" relativeResultsDirectory="1df96a77-42df-4e85-93af-433a440a12c9">
      <Output>
        <ErrorInfo>
          <Message>Assert.Single() Failure: The collection contained 2 items
Collection: ["local:c0f37a7faade430eb3791abc8e4ea719", "local:6e278ddd0cf940ddb7a4399b42ffb1a6"]</Message>
          <StackTrace>   at MyloMail.Api.Tests.Sync.MessageThreadingTests.&lt;&gt;c__DisplayClass3_0.&lt;&lt;A_new_ancestor_rethreads_its_persisted_parent_before_a_new_child_is_assigned&gt;b__0&gt;d.MoveNext() in /home/leo/repos/mylomail/server/MyloMail.Api.Tests/Sync/MessageThreadingTests.cs:line 197
--- End of stack trace from previous location ---
   at MyloMail.Api.Tests.Sync.SyncHarness.UsingAsync(Func`2 work) in /home/leo/repos/mylomail/server/MyloMail.Api.Tests/Sync/SyncHarness.cs:line 100
   at MyloMail.Api.Tests.Sync.SyncHarness.UsingAsync(Func`2 work) in /home/leo/repos/mylomail/server/MyloMail.Api.Tests/Sync/SyncHarness.cs:line 100
   at MyloMail.Api.Tests.Sync.MessageThreadingTests.A_new_ancestor_rethreads_its_persisted_parent_before_a_new_child_is_assigned() in /home/leo/repos/mylomail/server/MyloMail.Api.Tests/Sync/MessageThreadingTests.cs:line 158
   at MyloMail.Api.Tests.Sync.MessageThreadingTests.A_new_ancestor_rethreads_its_persisted_parent_before_a_new_child_is_assigned() in /home/leo/repos/mylomail/server/MyloMail.Api.Tests/Sync/MessageThreadingTests.cs:line 158
--- End of stack trace from previous location ---</StackTrace>
        </ErrorInfo>
      </Output>
    </UnitTestResult>
    <UnitTestResult executionId="893408a4-6c09-4778-81a5-5fae388f9aad" testId="f9e484cb-2c6f-5b6c-12c1-d5648c460436" testName="MyloMail.Api.Tests.Sync.CalendarEventServiceTests.Resolving_a_conflict_by_keeping_theirs_pulls_the_servers_version_and_clears_the_flag" computerName="LEO-UBUNTU" duration="00:00:00.7995323" startTime="2026-09-11T17:56:15.8080859+10:00" endTime="2026-09-11T17:56:16.6057516+10:00" testType="13cdc9d9-ddb5-4fa4-a97d-d965ccfc6d4b" outcome="Passed" testListId="8c84fa94-04c1-424b-9868-57a2d4851a1d" relativeResultsDirectory="893408a4-6c09-4778-81a5-5fae388f9aad" />
    <UnitTestResult executionId="abe3061e-c091-468a-9427-17fcac5bde0e" testId="593b0e15-0f08-20f1-cea3-8eec17c6d568" testName="MyloMail.Api.Tests.Outbox.OutboxTests.Cancelling_a_sending_message_does_not_revert_it" computerName="LEO-UBUNTU" duration="00:00:01.3944703" startTime="2026-09-11T17:56:12.7952191+10:00" endTime="2026-09-11T17:56:14.1896779+10:00" testType="13cdc9d9-ddb5-4fa4-a97d-d965ccfc6d4b" outcome="Passed" testListId="8c84fa94-04c1-424b-9868-57a2d4851a1d" relativeResultsDirectory="abe3061e-c091-468a-9427-17fcac5bde0e" />
    <UnitTestResult executionId="51fdf82b-8c37-4b0d-b050-b8aa89a4fbc3" testId="ca802c76-ae1d-c11a-5b57-0b86ba03c77d" testName="MyloMail.Api.Tests.Accounts.AccountsControllerTests.An_imap_account_with_a_blank_host_is_rejected" computerName="LEO-UBUNTU" duration="00:00:00.3246495" startTime="2026-09-11T17:56:18.9982715+10:00" endTime="2026-09-11T17:56:19.3227428+10:00" testType="13cdc9d9-ddb5-4fa4-a97d-d965ccfc6d4b" outcome="Passed" testListId="8c84fa94-04c1-424b-9868-57a2d4851a1d" relativeResultsDirectory="51fdf82b-8c37-4b0d-b050-b8aa89a4fbc3" />
    <UnitTestResult executionId="e4b2f80f-4a6f-445c-900f-5ed1a90c0e1a" testId="f2e7da98-5e02-dcdc-f31a-5f15d749fbcb" testName="MyloMail.Api.Tests.Providers.GraphCalendarProviderMappingTests.Converts_a_Graph_Windows_timezone_before_deriving_the_event_instant" computerName="LEO-UBUNTU" duration="00:00:00.0003180" startTime="2026-09-11T17:56:06.0128329+10:00" endTime="2026-09-11T17:56:06.0129060+10:00" testType="13cdc9d9-ddb5-4fa4-a97d-d965ccfc6d4b" outcome="Passed" testListId="8c84fa94-04c1-424b-9868-57a2d4851a1d" relativeResultsDirectory="e4b2f80f-4a6f-445c-900f-5ed1a90c0e1a" />
    <UnitTestResult executionId="15a179b4-41ad-47c3-b8b0-efe4bfbe4515" testId="0edda95b-a1bc-58e2-b79b-63a3b1809fe4" testName="MyloMail.Api.Tests.Sync.MailInviteMaterializerTests.A_reply_updates_the_matching_attendees_response_status" computerName="LEO-UBUNTU" duration="00:00:01.9507809" startTime="2026-09-11T17:56:10.1295964+10:00" endTime="2026-09-11T17:56:12.0814194+10:00" testType="13cdc9d9-ddb5-4fa4-a97d-d965ccfc6d4b" outcome="Passed" testListId="8c84fa94-04c1-424b-9868-57a2d4851a1d" relativeResultsDirectory="15a179b4-41ad-47c3-b8b0-efe4bfbe4515" />
    <UnitTestResult executionId="395b429b-925e-4bee-a5cd-4b09575b6aba" testId="2233e28c-0b90-2ba0-622a-2e0cd97e354c" testName="MyloMail.Api.Tests.Content.SearchIndexerTests.Removing_a_message_removes_it_from_the_index" computerName="LEO-UBUNTU" duration="00:00:01.9320948" startTime="2026-09-11T17:56:01.5148950+10:00" endTime="2026-09-11T17:56:03.4469655+10:00" testType="13cdc9d9-ddb5-4fa4-a97d-d965ccfc6d4b" outcome="Passed" testListId="8c84fa94-04c1-424b-9868-57a2d4851a1d" relativeResultsDirectory="395b429b-925e-4bee-a5cd-4b09575b6aba" />
    <UnitTestResult executionId="8e51b770-3f74-439e-ad28-f20e8f04c5c7" testId="18db2aea-ad25-57a8-09a0-306f9b5a5e14" testName="MyloMail.Api.Tests.Sync.MessageThreadingTests.A_later_descendant_reuses_the_persisted_fallback_ancestor_root" computerName="LEO-UBUNTU" duration="00:00:01.8779151" startTime="2026-09-11T17:56:09.0344764+10:00" endTime="2026-09-11T17:56:10.9121778+10:00" testType="13cdc9d9-ddb5-4fa4-a97d-d965ccfc6d4b" outcome="Passed" testListId="8c84fa94-04c1-424b-9868-57a2d4851a1d" relativeResultsDirectory="8e51b770-3f74-439e-ad28-f20e8f04c5c7" />
    <UnitTestResult executionId="16b0735f-6622-4403-b18f-8969c5897d33" testId="371df484-56e6-bf04-c7e8-68a5a94c1a87" testName="MyloMail.Api.Tests.Security.LaunchTokenMiddlewareTests.Anything_else_is_rejected(headers: null, query: null, cookie: null)" computerName="LEO-UBUNTU" duration="00:00:00.0005044" startTime="2026-09-11T17:55:59.9360730+10:00" endTime="2026-09-11T17:55:59.9364429+10:00" testType="13cdc9d9-ddb5-4fa4-a97d-d965ccfc6d4b" outcome="Passed" testListId="8c84fa94-04c1-424b-9868-57a2d4851a1d" relativeResultsDirectory="16b0735f-6622-4403-b18f-8969c5897d33" />
    <UnitTestResult executionId="c2de7812-57f6-4102-94d8-ec6aa9546643" testId="f5047187-9b79-03c9-465d-73c22b8bf08a" testName="MyloMail.Api.Tests.Providers.CalDavRequestFactoryTests.Independent_credential_reads_only_the_caldav_slot" computerName="LEO-UBUNTU" duration="00:00:00.0012400" startTime="2026-09-11T17:55:56.6989780+10:00" endTime="2026-09-11T17:55:56.7000927+10:00" testType="13cdc9d9-ddb5-4fa4-a97d-d965ccfc6d4b" outcome="Passed" testListId="8c84fa94-04c1-424b-9868-57a2d4851a1d" relativeResultsDirectory="c2de7812-57f6-4102-94d8-ec6aa9546643" />
    <UnitTestResult executionId="12513562-cd56-4618-8bf5-a15093e2154a" testId="894db76f-ff4f-6538-b4af-80a2158502bf" testName="MyloMail.Api.Tests.Sync.SyncTests.Coverage_materialises_a_remote_draft_without_creating_a_message" computerName="LEO-UBUNTU" duration="00:00:00.3391401" startTime="2026-09-11T17:56:19.6120880+10:00" endTime="2026-09-11T17:56:19.9510188+10:00" testType="13cdc9d9-ddb5-4fa4-a97d-d965ccfc6d4b" outcome="Passed" testListId="8c84fa94-04c1-424b-9868-57a2d4851a1d" relativeResultsDirectory="12513562-cd56-4618-8bf5-a15093e2154a" />
    <UnitTestResult executionId="9733d62d-d708-4d37-8480-01c54789233a" testId="16f8d603-f555-3282-346f-e53196335457" testName="MyloMail.Api.Tests.Mutations.MutationExecutionTests.A_second_move_resolves_the_identity_the_first_one_minted" computerName="LEO-UBUNTU" duration="00:00:01.9974523" startTime="2026-09-11T17:55:59.9113721+10:00" endTime="2026-09-11T17:56:01.9058835+10:00" testType="13cdc9d9-ddb5-4fa4-a97d-d965ccfc6d4b" outcome="Passed" testListId="8c84fa94-04c1-424b-9868-57a2d4851a1d" relativeResultsDirectory="9733d62d-d708-4d37-8480-01c54789233a" />
    <UnitTestResult executionId="f4c62d8e-daa3-4615-8032-84dc45d3dd83" testId="591d38d1-c1eb-20a1-ad76-4f9e3090f3f9" testName="MyloMail.Api.Tests.Sync.IntegrityReconciliationTests.Periodic_reconciliation_is_not_required_when_the_cursor_reports_every_fact" computerName="LEO-UBUNTU" duration="00:00:00.0008220" startTime="2026-09-11T17:55:59.8311060+10:00" endTime="2026-09-11T17:55:59.8314232+10:00" testType="13cdc9d9-ddb5-4fa4-a97d-d965ccfc6d4b" outcome="Passed" testListId="8c84fa94-04c1-424b-9868-57a2d4851a1d" relativeResultsDirectory="f4c62d8e-daa3-4615-8032-84dc45d3dd83" />
    <UnitTestResult executionId="7d051ddd-0a3f-4a7e-92b0-94d86c3aeb95" testId="0ab5f271-7d40-2c3d-8cf7-85d938169993" testName="MyloMail.Api.Tests.Providers.MailProviderFactoryTests.An_unconfigured_provider_reports_configuration_not_auth(type: Gmail)" computerName="LEO-UBUNTU" duration="00:00:00.0008111" startTime="2026-09-11T17:56:04.7161647+10:00" endTime="2026-09-11T17:56:04.7168690+10:00" testType="13cdc9d9-ddb5-4fa4-a97d-d965ccfc6d4b" outcome="Passed" testListId="8c84fa94-04c1-424b-9868-57a2d4851a1d" relativeResultsDirectory="7d051ddd-0a3f-4a7e-92b0-94d86c3aeb95" />
    <UnitTestResult executionId="3bcd3284-5203-483f-b312-60eec8ca208f" testId="b8efaae9-ceed-ee67-21ad-ebd81a85d9c4" testName="MyloMail.Api.Tests.Sync.CalendarRecurrenceCrossPageLinkingTests.A_conflicted_occurrence_keeps_its_old_master_link_not_the_incoming_ones" computerName="LEO-UBUNTU" duration="00:00:02.0747680" startTime="2026-09-11T17:56:05.7921473+10:00" endTime="2026-09-11T17:56:07.8666873+10:00" testType="13cdc9d9-ddb5-4fa4-a97d-d965ccfc6d4b" outcome="Passed" testListId="8c84fa94-04c1-424b-9868-57a2d4851a1d" relativeResultsDirectory="3bcd3284-5203-483f-b312-60eec8ca208f" />
    <UnitTestResult executionId="6935d85a-f633-49a3-a3e4-4e375685997b" testId="425fb909-42f2-6c8a-1172-234b999c2cdd" testName="MyloMail.Api.Tests.Providers.CalDavCalendarProviderTests.Responding_to_an_invite_sends_an_itip_reply_to_the_organiser" computerName="LEO-UBUNTU" duration="00:00:00.0026258" startTime="2026-09-11T17:56:05.7886454+10:00" endTime="2026-09-11T17:56:05.7911519+10:00" testType="13cdc9d9-ddb5-4fa4-a97d-d965ccfc6d4b" outcome="Passed" testListId="8c84fa94-04c1-424b-9868-57a2d4851a1d" relativeResultsDirectory="6935d85a-f633-49a3-a3e4-4e375685997b" />
    <UnitTestResult executionId="2f737c4e-9968-4c44-826e-5727062e5174" testId="4cfaeb90-e056-c22d-096a-69fd5e1fbc47" testName="MyloMail.Api.Tests.Sync.MessageIdentityTests.A_drafts_folder_observation_never_becomes_or_overwrites_a_message" computerName="LEO-UBUNTU" duration="00:00:01.7837900" startTime="2026-09-11T17:56:05.2806361+10:00" endTime="2026-09-11T17:56:07.0642178+10:00" testType="13cdc9d9-ddb5-4fa4-a97d-d965ccfc6d4b" outcome="Passed" testListId="8c84fa94-04c1-424b-9868-57a2d4851a1d" relativeResultsDirectory="2f737c4e-9968-4c44-826e-5727062e5174" />
    <UnitTestResult executionId="b04628b9-a22e-4082-8f61-da845d36aae0" testId="01693385-def3-87e5-670c-184edbe5318c" testName="MyloMail.Api.Tests.Compose.SendIdentityServiceTests.Setting_a_new_default_demotes_the_old_one" computerName="LEO-UBUNTU" duration="00:00:01.2708955" startTime="2026-09-11T17:56:14.3943582+10:00" endTime="2026-09-11T17:56:15.6650431+10:00" testType="13cdc9d9-ddb5-4fa4-a97d-d965ccfc6d4b" outcome="Passed" testListId="8c84fa94-04c1-424b-9868-57a2d4851a1d" relativeResultsDirectory="b04628b9-a22e-4082-8f61-da845d36aae0" />
    <UnitTestResult executionId="01466a75-ced1-4d03-92a4-e328758f7b97" testId="d570c6ed-375a-5f7e-2eca-46e60f3ff261" testName="MyloMail.Api.Tests.Content.SearchIndexMigrationTests.Re_running_migrations_over_indexed_content_leaves_the_index_intact" computerName="LEO-UBUNTU" duration="00:00:02.2818815" startTime="2026-09-11T17:55:59.2513333+10:00" endTime="2026-09-11T17:56:01.5332139+10:00" testType="13cdc9d9-ddb5-4fa4-a97d-d965ccfc6d4b" outcome="Passed" testListId="8c84fa94-04c1-424b-9868-57a2d4851a1d" relativeResultsDirectory="01466a75-ced1-4d03-92a4-e328758f7b97" />
    <UnitTestResult executionId="182079b0-f6b1-47e9-8a9c-a78e2e90df75" testId="def0b41a-1623-667f-ede3-395d0214579a" testName="MyloMail.Api.Tests.Providers.CalDav.CalDavIcsRecurrenceSetTests.An_EXDATE_round_trips_through_the_reader_at_the_same_instant" computerName="LEO-UBUNTU" duration="00:00:00.0006218" startTime="2026-09-11T17:56:05.8212408+10:00" endTime="2026-09-11T17:56:05.8213052+10:00" testType="13cdc9d9-ddb5-4fa4-a97d-d965ccfc6d4b" outcome="Passed" testListId="8c84fa94-04c1-424b-9868-57a2d4851a1d" relativeResultsDirectory="182079b0-f6b1-47e9-8a9c-a78e2e90df75" />
    <UnitTestResult executionId="fd306dbb-1c28-4408-be00-5fe1a6843929" testId="aeaa9068-5918-7728-de3a-b7305b307bc4" testName="MyloMail.Api.Tests.Sync.SyncTests.Disabling_the_account_between_two_calendar_sync_pages_stops_the_later_one" computerName="LEO-UBUNTU" duration="00:00:00.3817418" startTime="2026-09-11T17:56:18.8536897+10:00" endTime="2026-09-11T17:56:19.2346962+10:00" testType="13cdc9d9-ddb5-4fa4-a97d-d965ccfc6d4b" outcome="Passed" testListId="8c84fa94-04c1-424b-9868-57a2d4851a1d" relativeResultsDirectory="fd306dbb-1c28-4408-be00-5fe1a6843929" />
    <UnitTestResult executionId="baf383f9-f509-45ba-98a7-ead0a54314c1" testId="8ba8667c-5c5a-c90f-ef63-c4b9c349c4d6" testName="MyloMail.Api.Tests.Providers.GraphAuthenticationTranslationTests.Admin_consent_required_is_recognised_from_the_service_exception_message(message: &quot;AADSTS90094: admin consent required&quot;, expected: True)" computerName="LEO-UBUNTU" duration="00:00:00.0005694" startTime="2026-09-11T17:56:01.5404170+10:00" endTime="2026-09-11T17:56:01.5404921+10:00" testType="13cdc9d9-ddb5-4fa4-a97d-d965ccfc6d4b" outcome="Passed" testListId="8c84fa94-04c1-424b-9868-57a2d4851a1d" relativeResultsDirectory="baf383f9-f509-45ba-98a7-ead0a54314c1" />
    <UnitTestResult executionId="44c0a157-2bcc-429f-91cb-dc3bdc7ad680" testId="27f5fa28-d80e-c5b4-87c6-6e9e5fefe561" testName="MyloMail.Api.Tests.Providers.CalDav.CalDavIcsParamCaseTests.An_attendees_role_is_recognised_when_the_server_sends_it_lowercase" computerName="LEO-UBUNTU" duration="00:00:00.0035825" startTime="2026-09-11T17:56:10.0704863+10:00" endTime="2026-09-11T17:56:10.0712266+10:00" testType="13cdc9d9-ddb5-4fa4-a97d-d965ccfc6d4b" outcome="Passed" testListId="8c84fa94-04c1-424b-9868-57a2d4851a1d" relativeResultsDirectory="44c0a157-2bcc-429f-91cb-dc3bdc7ad680" />
    <UnitTestResult executionId="68f119b4-d86a-47ee-95c8-1f1fc4154050" testId="6e2a565a-5050-37df-21e1-27dd628946c7" testName="MyloMail.Api.Tests.Scheduling.TombstoneGcJobsTests.A_message_with_an_undelivered_notification_is_not_collected" computerName="LEO-UBUNTU" duration="00:00:01.6001285" startTime="2026-09-11T17:56:10.7902502+10:00" endTime="2026-09-11T17:56:12.3924921+10:00" testType="13cdc9d9-ddb5-4fa4-a97d-d965ccfc6d4b" outcome="Passed" testListId="8c84fa94-04c1-424b-9868-57a2d4851a1d" relativeResultsDirectory="68f119b4-d86a-47ee-95c8-1f1fc4154050" />
    <UnitTestResult executionId="8074a85d-aeee-41f4-a977-68c39bbcc489" testId="7557bb63-7b70-dd96-6856-7ee0293069ce" testName="MyloMail.Api.Tests.Outbox.OutboxTests.Exactly_one_of_cancel_and_claim_wins" computerName="LEO-UBUNTU" duration="00:00:00.7049063" startTime="2026-09-11T17:56:16.3354581+10:00" endTime="2026-09-11T17:56:17.0392012+10:00" testType="13cdc9d9-ddb5-4fa4-a97d-d965ccfc6d4b" outcome="Passed" testListId="8c84fa94-04c1-424b-9868-57a2d4851a1d" relativeResultsDirectory="8074a85d-aeee-41f4-a977-68c39bbcc489" />
    <UnitTestResult executionId="8a9a00e2-7114-46c9-8f39-0084b2b9dc89" testId="b2fe3716-cd7f-f535-3b5e-3696fb6b1ee6" testName="MyloMail.Api.Tests.Outbox.SendExecutorAppendFailureTests.A_non_imap_provider_never_matches_the_pattern" computerName="LEO-UBUNTU" duration="00:00:00.0000905" startTime="2026-09-11T17:56:04.7116843+10:00" endTime="2026-09-11T17:56:04.7127950+10:00" testType="13cdc9d9-ddb5-4fa4-a97d-d965ccfc6d4b" outcome="Passed" testListId="8c84fa94-04c1-424b-9868-57a2d4851a1d" relativeResultsDirectory="8a9a00e2-7114-46c9-8f39-0084b2b9dc89" />
    <UnitTestResult executionId="75f48a20-8537-4997-affc-61c413530204" testId="ba4eb6b8-a636-16d6-fb27-b4d719cdd4b9" testName="MyloMail.Api.Tests.Sync.MailInviteMaterializerTests.An_oversized_calendar_part_is_ignored_without_materialising_an_event" computerName="LEO-UBUNTU" duration="00:00:00.6820690" startTime="2026-09-11T17:56:16.6795045+10:00" endTime="2026-09-11T17:56:17.3614600+10:00" testType="13cdc9d9-ddb5-4fa4-a97d-d965ccfc6d4b" outcome="Passed" testListId="8c84fa94-04c1-424b-9868-57a2d4851a1d" relativeResultsDirectory="75f48a20-8537-4997-affc-61c413530204" />
    <UnitTestResult executionId="e1e01eeb-6a26-409a-b7c9-2e6b23ba2412" testId="a112ce5a-2d62-1e1c-9fa2-49f03505a818" testName="MyloMail.Api.Tests.Scheduling.ContentAcquisitionAttachmentCorrectionTests.An_unchanged_attachment_guess_is_not_re_announced" computerName="LEO-UBUNTU" duration="00:00:01.9567659" startTime="2026-09-11T17:56:01.9580760+10:00" endTime="2026-09-11T17:56:03.9147683+10:00" testType="13cdc9d9-ddb5-4fa4-a97d-d965ccfc6d4b" outcome="Passed" testListId="8c84fa94-04c1-424b-9868-57a2d4851a1d" relativeResultsDirectory="e1e01eeb-6a26-409a-b7c9-2e6b23ba2412" />
    <UnitTestResult executionId="3d6e1be5-c355-4edb-833b-d318ff7c5a38" testId="ee14c2ec-e6d0-b938-7652-299bfedc7433" testName="MyloMail.Api.Tests.Providers.GoogleCalendarProviderMappingTests.Maps_an_override_to_a_stable_master_and_original_start_reference" computerName="LEO-UBUNTU" duration="00:00:00.0005998" startTime="2026-09-11T17:56:05.9151797+10:00" endTime="2026-09-11T17:56:05.9157831+10:00" testType="13cdc9d9-ddb5-4fa4-a97d-d965ccfc6d4b" outcome="Passed" testListId="8c84fa94-04c1-424b-9868-57a2d4851a1d" relativeResultsDirectory="3d6e1be5-c355-4edb-833b-d318ff7c5a38" />
    <UnitTestResult executionId="80d12f9c-7e3f-493b-9578-e9161fd29ef1" testId="8efe232f-78b3-3bca-16e7-9a58c5a97f5d" testName="MyloMail.Api.Tests.Providers.ImapDraftRevisionTests.A_revision_without_both_uidvalidity_and_uid_is_rejected(revision: &quot;not-a-revision&quot;)" computerName="LEO-UBUNTU" duration="00:00:00.0001662" startTime="2026-09-11T17:55:55.3116648+10:00" endTime="2026-09-11T17:55:55.3117144+10:00" testType="13cdc9d9-ddb5-4fa4-a97d-d965ccfc6d4b" outcome="Passed" testListId="8c84fa94-04c1-424b-9868-57a2d4851a1d" relativeResultsDirectory="80d12f9c-7e3f-493b-9578-e9161fd29ef1" />
    <UnitTestResult executionId="fb10896c-29e4-432a-8caa-af7b6f42db0b" testId="00e95cd9-307c-2940-ae63-5ce134dac4db" testName="MyloMail.Api.Tests.Scheduling.ImapIdleRegistryTests.Stopping_worker_awaits_active_IDLE_session_cleanup" computerName="LEO-UBUNTU" duration="00:00:02.2305856" startTime="2026-09-11T17:55:59.2500882+10:00" endTime="2026-09-11T17:56:01.4848414+10:00" testType="13cdc9d9-ddb5-4fa4-a97d-d965ccfc6d4b" outcome="Passed" testListId="8c84fa94-04c1-424b-9868-57a2d4851a1d" relativeResultsDirectory="fb10896c-29e4-432a-8caa-af7b6f42db0b" />
    <UnitTestResult executionId="b27cec4e-34f6-421f-8cc1-226b7204a686" testId="9e0e917c-7539-7850-ab93-43aebe52287e" testName="MyloMail.Api.Tests.Providers.CalDavCalendarProviderTests.Deleting_an_already_deleted_event_is_not_an_error" computerName="LEO-UBUNTU" duration="00:00:00.0015372" startTime="2026-09-11T17:56:05.7605028+10:00" endTime="2026-09-11T17:56:05.7618181+10:00" testType="13cdc9d9-ddb5-4fa4-a97d-d965ccfc6d4b" outcome="Passed" testListId="8c84fa94-04c1-424b-9868-57a2d4851a1d" relativeResultsDirectory="b27cec4e-34f6-421f-8cc1-226b7204a686" />
    <UnitTestResult executionId="541e2df0-9a4d-48af-820c-851982f2dfc9" testId="caf9aaf8-0767-acd5-ea42-5ed6d1686e30" testName="MyloMail.Api.Tests.Sync.CalendarRecurrenceExpanderTests.A_count_bound_series_does_not_expand_past_its_own_end" computerName="LEO-UBUNTU" duration="00:00:00.1008271" startTime="2026-09-11T17:55:55.2772112+10:00" endTime="2026-09-11T17:55:55.3719703+10:00" testType="13cdc9d9-ddb5-4fa4-a97d-d965ccfc6d4b" outcome="Passed" testListId="8c84fa94-04c1-424b-9868-57a2d4851a1d" relativeResultsDirectory="541e2df0-9a4d-48af-820c-851982f2dfc9" />
    <UnitTestResult executionId="af18ce53-01ba-4492-a101-31fdfd312b16" testId="0ee4b5bd-e18f-c739-49f1-0ccd14ed5132" testName="MyloMail.Api.Tests.Sync.MailInviteMaterializerTests.A_reply_claiming_another_attendee_is_ignored" computerName="LEO-UBUNTU" duration="00:00:00.3159235" startTime="2026-09-11T17:56:19.2594878+10:00" endTime="2026-09-11T17:56:19.5752371+10:00" testType="13cdc9d9-ddb5-4fa4-a97d-d965ccfc6d4b" outcome="Passed" testListId="8c84fa94-04c1-424b-9868-57a2d4851a1d" relativeResultsDirectory="af18ce53-01ba-4492-a101-31fdfd312b16" />
    <UnitTestResult executionId="d9670efd-f359-49c5-9e5b-b8cc25b2bb3f" testId="8c1826b4-9fb6-bc8c-0901-7853414f8334" testName="MyloMail.Api.Tests.Scheduling.TopologyReschedulingTests.A_non_network_failure_still_stops_the_loop_and_propagates" computerName="LEO-UBUNTU" duration="00:00:01.8614156" startTime="2026-09-11T17:56:03.0900022+10:00" endTime="2026-09-11T17:56:04.9518644+10:00" testType="13cdc9d9-ddb5-4fa4-a97d-d965ccfc6d4b" outcome="Passed" testListId="8c84fa94-04c1-424b-9868-57a2d4851a1d" relativeResultsDirectory="d9670efd-f359-49c5-9e5b-b8cc25b2bb3f" />
    <UnitTestResult executionId="1001c109-11fd-4eb8-ba60-cf471c829b7b" testId="6afb4c49-75ab-8cf6-a109-829ebdbfc07f" testName="MyloMail.Api.Tests.Mutations.MutationQueueTests.Enqueueing_after_a_message_was_collected_is_rejected" computerName="LEO-UBUNTU" duration="00:00:01.7802695" startTime="2026-09-11T17:56:05.7559557+10:00" endTime="2026-09-11T17:56:07.5356536+10:00" testType="13cdc9d9-ddb5-4fa4-a97d-d965ccfc6d4b" outcome="Passed" testListId="8c84fa94-04c1-424b-9868-57a2d4851a1d" relativeResultsDirectory="1001c109-11fd-4eb8-ba60-cf471c829b7b" />
    <UnitTestResult executionId="e5464d11-b7ee-404a-b208-7fdb1c05d5af" testId="8518f449-35c1-52ca-1fed-1230f9bee5fb" testName="MyloMail.Api.Tests.Providers.CalDavCalendarProviderTests.A_429_response_without_retry_after_falls_back_to_the_default" computerName="LEO-UBUNTU" duration="00:00:00.0009581" startTime="2026-09-11T17:56:05.7220625+10:00" endTime="2026-09-11T17:56:05.7221294+10:00" testType="13cdc9d9-ddb5-4fa4-a97d-d965ccfc6d4b" outcome="Passed" testListId="8c84fa94-04c1-424b-9868-57a2d4851a1d" relativeResultsDirectory="e5464d11-b7ee-404a-b208-7fdb1c05d5af" />
    <UnitTestResult executionId="5153a386-d299-44fb-86f9-dcd0c8353cac" testId="265243d1-9950-e7d9-21a0-4a0a38c85020" testName="MyloMail.Api.Tests.Security.LaunchTokenMiddlewareTests.Anything_else_is_rejected(headers: &quot;Basic the-launch-token&quot;, query: null, cookie: null)" computerName="LEO-UBUNTU" duration="00:00:00.0000362" startTime="2026-09-11T17:55:59.9367716+10:00" endTime="2026-09-11T17:55:59.9369082+10:00" testType="13cdc9d9-ddb5-4fa4-a97d-d965ccfc6d4b" outcome="Passed" testListId="8c84fa94-04c1-424b-9868-57a2d4851a1d" relativeResultsDirectory="5153a386-d299-44fb-86f9-dcd0c8353cac" />
    <UnitTestResult executionId="bbc554cc-81a6-4582-90a9-cb266404f1f9" testId="34769eeb-e6b2-323f-521d-7ee0189b5f99" testName="MyloMail.Api.Tests.Persistence.SchemaInvariantTests.Cursor_state_round_trips_with_its_provider_shape_and_version" computerName="LEO-UBUNTU" duration="00:00:01.9357032" startTime="2026-09-11T17:56:02.6122342+10:00" endTime="2026-09-11T17:56:04.5488469+10:00" testType="13cdc9d9-ddb5-4fa4-a97d-d965ccfc6d4b" outcome="Passed" testListId="8c84fa94-04c1-424b-9868-57a2d4851a1d" relativeResultsDirectory="bbc554cc-81a6-4582-90a9-cb266404f1f9" />
    <UnitTestResult executionId="fd41253a-d0e9-4f66-8b40-69d554e190b3" testId="106c14fd-f59f-0a54-7825-a56b3c7ba6b8" testName="MyloMail.Api.Tests.Sync.MailboxSpecialUseOverrideTests.The_override_takes_precedence_when_set(overrideValue: Trash, synced: Sent, expected: Trash)" computerName="LEO-UBUNTU" duration="00:00:00.0000141" startTime="2026-09-11T17:55:55.3045734+10:00" endTime="2026-09-11T17:55:55.3047830+10:00" testType="13cdc9d9-ddb5-4fa4-a97d-d965ccfc6d4b" outcome="Passed" testListId="8c84fa94-04c1-424b-9868-57a2d4851a1d" relativeResultsDirectory="fd41253a-d0e9-4f66-8b40-69d554e190b3" />
    <UnitTestResult executionId="35b4eb40-ad74-4a88-a22c-908d687a06da" testId="f7b415a5-fc65-99f9-fa2e-81ad0ffbdcf3" testName="MyloMail.Api.Tests.Providers.GraphAuthenticationTranslationTests.Admin_consent_required_is_recognised_from_the_service_exception_message(message: &quot;AADSTS65001: user consent required&quot;, expected: False)" computerName="LEO-UBUNTU" duration="00:00:00.0048582" startTime="2026-09-11T17:56:01.5346836+10:00" endTime="2026-09-11T17:56:01.5402607+10:00" testType="13cdc9d9-ddb5-4fa4-a97d-d965ccfc6d4b" outcome="Passed" testListId="8c84fa94-04c1-424b-9868-57a2d4851a1d" relativeResultsDirectory="35b4eb40-ad74-4a88-a22c-908d687a06da" />
    <UnitTestResult executionId="91a28a2a-a7ab-485c-ac5e-a702b9aed256" testId="054e151b-e9ad-8c2e-921a-cc1eefac172e" testName="MyloMail.Api.Tests.Content.AttachmentServiceTests.Sanitises_untrusted_filenames(input: &quot;CON&quot;, expected: &quot;attachment&quot;)" computerName="LEO-UBUNTU" duration="00:00:00.0001636" startTime="2026-09-11T17:56:07.9303436+10:00" endTime="2026-09-11T17:56:07.9304124+10:00" testType="13cdc9d9-ddb5-4fa4-a97d-d965ccfc6d4b" outcome="Passed" testListId="8c84fa94-04c1-424b-9868-57a2d4851a1d" relativeResultsDirectory="91a28a2a-a7ab-485c-ac5e-a702b9aed256" />
    <UnitTestResult executionId="44bab9ec-1607-494f-a429-04fe9490285c" testId="e698c383-11ad-ae7b-85bd-802c3941d670" testName="MyloMail.Api.Tests.Hubs.AppendToSentSettingsTests.A_non_imap_account_ignores_the_field_instead_of_throwing" computerName="LEO-UBUNTU" duration="00:00:01.8854238" startTime="2026-09-11T17:56:01.7876029+10:00" endTime="2026-09-11T17:56:03.6736982+10:00" testType="13cdc9d9-ddb5-4fa4-a97d-d965ccfc6d4b" outcome="Passed" testListId="8c84fa94-04c1-424b-9868-57a2d4851a1d" relativeResultsDirectory="44bab9ec-1607-494f-a429-04fe9490285c" />
    <UnitTestResult executionId="fa4d3129-ebfe-483f-98c5-454add2b43ce" testId="3e497303-6f31-1443-161e-638a6a56bd2a" testName="MyloMail.Api.Tests.Security.CertificateTrustTests.A_certificate_that_validates_normally_is_trusted_regardless_of_pins" computerName="LEO-UBUNTU" duration="00:00:00.0375820" startTime="2026-09-11T17:55:55.3827639+10:00" endTime="2026-09-11T17:55:55.4196838+10:00" testType="13cdc9d9-ddb5-4fa4-a97d-d965ccfc6d4b" outcome="Passed" testListId="8c84fa94-04c1-424b-9868-57a2d4851a1d" relativeResultsDirectory="fa4d3129-ebfe-483f-98c5-454add2b43ce" />
    <UnitTestResult executionId="51262059-5eca-4765-9e5e-5d9db543bf56" testId="3498fded-e959-f74d-3a2e-e4ecc128cea0" testName="MyloMail.Api.Tests.Mutations.MutationExecutionTests.A_failed_mutation_carries_the_accountId_and_certificate_extensions" computerName="LEO-UBUNTU" duration="00:00:01.4398518" startTime="2026-09-11T17:56:12.7964214+10:00" endTime="2026-09-11T17:56:14.2358220+10:00" testType="13cdc9d9-ddb5-4fa4-a97d-d965ccfc6d4b" outcome="Passed" testListId="8c84fa94-04c1-424b-9868-57a2d4851a1d" relativeResultsDirectory="51262059-5eca-4765-9e5e-5d9db543bf56" />
    <UnitTestResult executionId="9c6b73c7-8d54-4c94-b03b-39ed8121f569" testId="2100412e-56b3-3207-3f6b-98b946d35795" testName="MyloMail.Api.Tests.Contacts.ContactOperationTests.Refresh_keeps_the_revision_paired_with_a_pending_local_projection" computerName="LEO-UBUNTU" duration="00:00:00.2538517" startTime="2026-09-11T17:56:20.3466703+10:00" endTime="2026-09-11T17:56:20.6003694+10:00" testType="13cdc9d9-ddb5-4fa4-a97d-d965ccfc6d4b" outcome="Passed" testListId="8c84fa94-04c1-424b-9868-57a2d4851a1d" relativeResultsDirectory="9c6b73c7-8d54-4c94-b03b-39ed8121f569" />
    <UnitTestResult executionId="de87d20f-f8c1-48c2-ace6-e238eff94f19" testId="2ad95653-3918-a0fe-fc06-be0671385b23" testName="MyloMail.Api.Tests.Providers.CalDavRequestFactoryTests.A_server_supplied_target_outside_the_configured_collection_is_rejected_before_credentials_are_attached" computerName="LEO-UBUNTU" duration="00:00:00.0022593" startTime="2026-09-11T17:55:56.7002492+10:00" endTime="2026-09-11T17:55:56.7023710+10:00" testType="13cdc9d9-ddb5-4fa4-a97d-d965ccfc6d4b" outcome="Passed" testListId="8c84fa94-04c1-424b-9868-57a2d4851a1d" relativeResultsDirectory="de87d20f-f8c1-48c2-ace6-e238eff94f19" />
    <UnitTestResult executionId="2396e8f8-1028-438f-b3d2-6ed960267e2c" testId="b4100a9b-527c-fcad-45c7-1592e7d4e36a" testName="MyloMail.Api.Tests.Content.MessageSearchTests.Search_results_carry_a_delimited_match_excerpt" computerName="LEO-UBUNTU" duration="00:00:00.0048834" startTime="2026-09-11T17:56:16.2680786+10:00" endTime="2026-09-11T17:56:16.9130940+10:00" testType="13cdc9d9-ddb5-4fa4-a97d-d965ccfc6d4b" outcome="Passed" testListId="8c84fa94-04c1-424b-9868-57a2d4851a1d" relativeResultsDirectory="2396e8f8-1028-438f-b3d2-6ed960267e2c" />
    <UnitTestResult executionId="e5bb5e1e-09c0-412f-9ece-7f6a7ad52318" testId="86f1408b-535d-d3cf-ee47-5d746b5db9d4" testName="MyloMail.Api.Tests.Compose.RemoteDraftMaterializerAttachmentTests.An_inline_image_with_an_explicit_inline_disposition_is_captured" computerName="LEO-UBUNTU" duration="00:00:00.0006246" startTime="2026-09-11T17:55:55.3231052+10:00" endTime="2026-09-11T17:55:55.3232013+10:00" testType="13cdc9d9-ddb5-4fa4-a97d-d965ccfc6d4b" outcome="Passed" testListId="8c84fa94-04c1-424b-9868-57a2d4851a1d" relativeResultsDirectory="e5bb5e1e-09c0-412f-9ece-7f6a7ad52318" />
    <UnitTestResult executionId="c7bcc498-fdc5-4614-b4b3-99df94399732" testId="a8f52f05-0369-bade-7bb3-4c6b8d428634" testName="MyloMail.Api.Tests.Sync.NotificationEligibilityTests.A_message_backfilled_by_coverage_before_replay_still_notifies_once" computerName="LEO-UBUNTU" duration="00:00:01.3808930" startTime="2026-09-11T17:56:14.1895816+10:00" endTime="2026-09-11T17:56:15.5702567+10:00" testType="13cdc9d9-ddb5-4fa4-a97d-d965ccfc6d4b" outcome="Passed" testListId="8c84fa94-04c1-424b-9868-57a2d4851a1d" relativeResultsDirectory="c7bcc498-fdc5-4614-b4b3-99df94399732" />
    <UnitTestResult executionId="3d9eae62-3006-42f6-b26b-2b8017d47371" testId="c27c893f-62b4-4a64-179a-6ed9bd1b1808" testName="MyloMail.Api.Tests.Persistence.SchemaInvariantTests.Provider_occurrence_identity_lives_on_the_occurrence_not_the_message" computerName="LEO-UBUNTU" duration="00:00:00.0055122" startTime="2026-09-11T17:56:02.6069523+10:00" endTime="2026-09-11T17:56:02.6120328+10:00" testType="13cdc9d9-ddb5-4fa4-a97d-d965ccfc6d4b" outcome="Passed" testListId="8c84fa94-04c1-424b-9868-57a2d4851a1d" relativeResultsDirectory="3d9eae62-3006-42f6-b26b-2b8017d47371" />
    <UnitTestResult executionId="c2984879-ff60-41ea-bdc2-18d655f32933" testId="8c316e32-6850-eb22-e86e-a6111b618b0d" testName="MyloMail.Api.Tests.Accounts.AccountProvisioningTests.A_rejected_account_leaves_no_orphaned_credential" computerName="LEO-UBUNTU" duration="00:00:01.8037377" startTime="2026-09-11T17:56:03.2820997+10:00" endTime="2026-09-11T17:56:05.0853528+10:00" testType="13cdc9d9-ddb5-4fa4-a97d-d965ccfc6d4b" outcome="Passed" testListId="8c84fa94-04c1-424b-9868-57a2d4851a1d" relativeResultsDirectory="c2984879-ff60-41ea-bdc2-18d655f32933" />
    <UnitTestResult executionId="a94c83b0-ccd6-495d-9c41-ddbb5ac2ea46" testId="63a90d35-4161-e1bf-ea63-22e7a8ea5bde" testName="MyloMail.Api.Tests.Scheduling.ImapIdleRegistryTests.Wake_hints_coalesce_to_one_pending_job_and_one_dirty_rerun" computerName="LEO-UBUNTU" duration="00:00:00.0090883" startTime="2026-09-11T17:55:55.2726868+10:00" endTime="2026-09-11T17:55:55.2828954+10:00" testType="13cdc9d9-ddb5-4fa4-a97d-d965ccfc6d4b" outcome="Passed" testListId="8c84fa94-04c1-424b-9868-57a2d4851a1d" relativeResultsDirectory="a94c83b0-ccd6-495d-9c41-ddbb5ac2ea46" />
    <UnitTestResult executionId="2aa4d187-511e-4f3b-a523-ed5783b47775" testId="19bba173-fe8e-a559-57bc-78a963e00e7b" testName="MyloMail.Api.Tests.Scheduling.TombstoneGcJobsTests.A_message_that_regains_membership_before_its_grace_period_elapses_is_not_collected" computerName="LEO-UBUNTU" duration="00:00:02.0405173" startTime="2026-09-11T17:55:59.5551588+10:00" endTime="2026-09-11T17:56:01.5958525+10:00" testType="13cdc9d9-ddb5-4fa4-a97d-d965ccfc6d4b" outcome="Passed" testListId="8c84fa94-04c1-424b-9868-57a2d4851a1d" relativeResultsDirectory="2aa4d187-511e-4f3b-a523-ed5783b47775" />
    <UnitTestResult executionId="1b24a808-d558-45d1-a48e-9b1c04c69c1e" testId="1d26851a-191c-ecdc-a478-8607047d4473" testName="MyloMail.Api.Tests.Accounts.AccountProvisioningTests.A_certificate_rejection_carries_its_fingerprint_and_hostname_through" computerName="LEO-UBUNTU" duration="00:00:01.6762426" startTime="2026-09-11T17:56:08.8503120+10:00" endTime="2026-09-11T17:56:10.5271330+10:00" testType="13cdc9d9-ddb5-4fa4-a97d-d965ccfc6d4b" outcome="Passed" testListId="8c84fa94-04c1-424b-9868-57a2d4851a1d" relativeResultsDirectory="1b24a808-d558-45d1-a48e-9b1c04c69c1e" />
    <UnitTestResult executionId="a056a73a-75fa-4995-bd8a-83d9cca53a1a" testId="36f5360c-83c9-81a0-c395-361acc727afa" testName="MyloMail.Api.Tests.Sync.MessageThreadingTests.Later_page_ancestors_rethread_already_stored_descendants" computerName="LEO-UBUNTU" duration="00:00:01.8677484" startTime="2026-09-11T17:56:03.6346819+10:00" endTime="2026-09-11T17:56:05.4994599+10:00" testType="13cdc9d9-ddb5-4fa4-a97d-d965ccfc6d4b" outcome="Passed" testListId="8c84fa94-04c1-424b-9868-57a2d4851a1d" relativeResultsDirectory="a056a73a-75fa-4995-bd8a-83d9cca53a1a" />
    <UnitTestResult executionId="2f75d60a-27ca-4e78-bbde-f4fb8e676920" testId="b365a3cc-6abd-9e2b-0d37-d1813dff91e4" testName="MyloMail.Api.Tests.Providers.GraphThrottleTranslationTests.RetryAfterOf_is_case_insensitive_about_the_header_name" computerName="LEO-UBUNTU" duration="00:00:00.0002133" startTime="2026-09-11T17:56:05.6845152+10:00" endTime="2026-09-11T17:56:05.6845789+10:00" testType="13cdc9d9-ddb5-4fa4-a97d-d965ccfc6d4b" outcome="Passed" testListId="8c84fa94-04c1-424b-9868-57a2d4851a1d" relativeResultsDirectory="2f75d60a-27ca-4e78-bbde-f4fb8e676920" />
    <UnitTestResult executionId="f8a2d70e-fb39-47e7-bcfc-145143a7155c" testId="d678d098-9b46-5387-311d-e7f0f01dddce" testName="MyloMail.Api.Tests.Scheduling.SchedulingTests.Throttling_one_call_holds_back_the_whole_account" computerName="LEO-UBUNTU" duration="00:00:00.0002170" startTime="2026-09-11T17:55:55.3113526+10:00" endTime="2026-09-11T17:55:55.3114007+10:00" testType="13cdc9d9-ddb5-4fa4-a97d-d965ccfc6d4b" outcome="Passed" testListId="8c84fa94-04c1-424b-9868-57a2d4851a1d" relativeResultsDirectory="f8a2d70e-fb39-47e7-bcfc-145143a7155c" />
    <UnitTestResult executionId="4ce5aaa9-8489-41cb-8da6-0b51d9c524c1" testId="28c2a026-0d53-2cf1-31b8-012359afebe1" testName="MyloMail.Api.Tests.Contacts.ContactOperationTests.Conflict_resolution_authentication_failure_pauses_the_account" computerName="LEO-UBUNTU" duration="00:00:00.2575338" startTime="2026-09-11T17:56:20.0890951+10:00" endTime="2026-09-11T17:56:20.3464516+10:00" testType="13cdc9d9-ddb5-4fa4-a97d-d965ccfc6d4b" outcome="Passed" testListId="8c84fa94-04c1-424b-9868-57a2d4851a1d" relativeResultsDirectory="4ce5aaa9-8489-41cb-8da6-0b51d9c524c1" />
    <UnitTestResult executionId="f8830e6d-d1d3-4201-8f08-b62d616fc02c" testId="07e813e9-c35a-202d-cae4-ed1145efc55f" testName="MyloMail.Api.Tests.Providers.CalDav.CalDavIcsTriggerRelatedTests.A_trigger_with_no_related_param_is_anchored_to_start" computerName="LEO-UBUNTU" duration="00:00:00.0004106" startTime="2026-09-11T17:56:07.8669723+10:00" endTime="2026-09-11T17:56:07.8674160+10:00" testType="13cdc9d9-ddb5-4fa4-a97d-d965ccfc6d4b" outcome="Passed" testListId="8c84fa94-04c1-424b-9868-57a2d4851a1d" relativeResultsDirectory="f8830e6d-d1d3-4201-8f08-b62d616fc02c" />
    <UnitTestResult executionId="d8ed567d-9563-40bc-b4e5-5062b95e0596" testId="a3208ac3-a5bb-c2a4-331d-36b81df9fba2" testName="MyloMail.Api.Tests.Contacts.ContactOperationTests.Credential_store_failure_keeps_contact_intent_pending_and_self_clears_after_success" computerName="LEO-UBUNTU" duration="00:00:00.8873862" startTime="2026-09-11T17:56:15.3498956+10:00" endTime="2026-09-11T17:56:16.2370613+10:00" testType="13cdc9d9-ddb5-4fa4-a97d-d965ccfc6d4b" outcome="Passed" testListId="8c84fa94-04c1-424b-9868-57a2d4851a1d" relativeResultsDirectory="d8ed567d-9563-40bc-b4e5-5062b95e0596" />
    <UnitTestResult executionId="dbdb4701-5247-48c6-812d-3b138f9cb232" testId="884203c3-54b6-d6c9-b282-8899ec22ae35" testName="MyloMail.Api.Tests.Controllers.CrossWindowBroadcastTests.Changing_the_panel_layout_does_not_broadcast" computerName="LEO-UBUNTU" duration="00:00:01.6858231" startTime="2026-09-11T17:56:01.3377861+10:00" endTime="2026-09-11T17:56:03.0258423+10:00" testType="13cdc9d9-ddb5-4fa4-a97d-d965ccfc6d4b" outcome="Passed" testListId="8c84fa94-04c1-424b-9868-57a2d4851a1d" relativeResultsDirectory="dbdb4701-5247-48c6-812d-3b138f9cb232" />
    <UnitTestResult executionId="2dbb088b-c509-497a-9ea2-fa2b6e7dac09" testId="8e87c358-4db6-a3b7-35ea-a37ae0204613" testName="MyloMail.Api.Tests.Providers.CalDav.CalDavIcsReminderTests.An_event_with_no_reminders_writes_no_VALARM_block" computerName="LEO-UBUNTU" duration="00:00:00.0001566" startTime="2026-09-11T17:56:01.5340589+10:00" endTime="2026-09-11T17:56:01.5341486+10:00" testType="13cdc9d9-ddb5-4fa4-a97d-d965ccfc6d4b" outcome="Passed" testListId="8c84fa94-04c1-424b-9868-57a2d4851a1d" relativeResultsDirectory="2dbb088b-c509-497a-9ea2-fa2b6e7dac09" />
    <UnitTestResult executionId="6d1716d9-b60b-4ff7-8fbc-ef2ae99da882" testId="14fabe67-c2d3-27d7-6fdd-3f7242af1228" testName="MyloMail.Api.Tests.Compose.DraftServiceSendValidationTests.Sending_a_draft_with_only_a_bcc_recipient_is_accepted" computerName="LEO-UBUNTU" duration="00:00:01.7382433" startTime="2026-09-11T17:56:01.7532076+10:00" endTime="2026-09-11T17:56:03.4909812+10:00" testType="13cdc9d9-ddb5-4fa4-a97d-d965ccfc6d4b" outcome="Passed" testListId="8c84fa94-04c1-424b-9868-57a2d4851a1d" relativeResultsDirectory="6d1716d9-b60b-4ff7-8fbc-ef2ae99da882" />
    <UnitTestResult executionId="6be6f0b2-9826-4cc9-a388-e0d1bc0ba59f" testId="fba91af9-58ea-23b8-69a1-1a831a93c099" testName="MyloMail.Api.Tests.Sync.MessageThreadingTests.References_resolves_a_page_local_parent_regardless_of_provider_order" computerName="LEO-UBUNTU" duration="00:00:02.1274571" startTime="2026-09-11T17:55:59.3804651+10:00" endTime="2026-09-11T17:56:01.5077565+10:00" testType="13cdc9d9-ddb5-4fa4-a97d-d965ccfc6d4b" outcome="Passed" testListId="8c84fa94-04c1-424b-9868-57a2d4851a1d" relativeResultsDirectory="6be6f0b2-9826-4cc9-a388-e0d1bc0ba59f" />
    <UnitTestResult executionId="e64f839b-20de-4b34-b434-9b756c2f22b7" testId="81f057b6-d567-764e-dab0-70ea8eba28e8" testName="MyloMail.Api.Tests.Outbox.OutboxTests.A_reply_carries_the_parents_full_references_chain" computerName="LEO-UBUNTU" duration="00:00:01.8202582" startTime="2026-09-11T17:56:05.9834240+10:00" endTime="2026-09-11T17:56:07.8035471+10:00" testType="13cdc9d9-ddb5-4fa4-a97d-d965ccfc6d4b" outcome="Passed" testListId="8c84fa94-04c1-424b-9868-57a2d4851a1d" relativeResultsDirectory="e64f839b-20de-4b34-b434-9b756c2f22b7" />
    <UnitTestResult executionId="0e57510c-7a16-4ca6-b54f-d23f114e25e7" testId="4034b5ac-af71-6357-d0be-ec12495f6c04" testName="MyloMail.Api.Tests.Sync.MailInviteMaterializerTests.A_received_invite_materialises_an_event_under_a_new_local_only_calendar" computerName="LEO-UBUNTU" duration="00:00:00.6803888" startTime="2026-09-11T17:56:17.3616929+10:00" endTime="2026-09-11T17:56:18.0419491+10:00" testType="13cdc9d9-ddb5-4fa4-a97d-d965ccfc6d4b" outcome="Passed" testListId="8c84fa94-04c1-424b-9868-57a2d4851a1d" relativeResultsDirectory="0e57510c-7a16-4ca6-b54f-d23f114e25e7" />
    <UnitTestResult executionId="df59ad59-a7e6-442b-9864-37cc8956be57" testId="a115a4f5-02c4-92f3-bbf2-254102a24ca5" testName="MyloMail.Api.Tests.Mutations.MutationExecutionTests.A_move_re_establishes_occurrence_identity_at_the_destination" computerName="LEO-UBUNTU" duration="00:00:01.7663405" startTime="2026-09-11T17:56:07.6648790+10:00" endTime="2026-09-11T17:56:09.4288497+10:00" testType="13cdc9d9-ddb5-4fa4-a97d-d965ccfc6d4b" outcome="Passed" testListId="8c84fa94-04c1-424b-9868-57a2d4851a1d" relativeResultsDirectory="df59ad59-a7e6-442b-9864-37cc8956be57" />
    <UnitTestResult executionId="63c88b8e-0ce5-40af-aac7-c41a7759f4d5" testId="94761786-cbc5-c6c5-1386-5d650931c689" testName="MyloMail.Api.Tests.Providers.ImapSpecialUseFallbackTests.A_well_known_folder_name_is_recognised(name: &quot;Spam&quot;, expected: Junk)" computerName="LEO-UBUNTU" duration="00:00:00.0000046" startTime="2026-09-11T17:56:05.8165787+10:00" endTime="2026-09-11T17:56:05.8166415+10:00" testType="13cdc9d9-ddb5-4fa4-a97d-d965ccfc6d4b" outcome="Passed" testListId="8c84fa94-04c1-424b-9868-57a2d4851a1d" relativeResultsDirectory="63c88b8e-0ce5-40af-aac7-c41a7759f4d5" />
    <UnitTestResult executionId="66bfd9f5-d12d-42b5-8418-fb617c993a85" testId="5ef18c37-18f0-eace-fa86-5e51c41ab0a6" testName="MyloMail.Api.Tests.Contacts.ContactOperationTests.Rejected_create_rewrites_a_queued_edit_as_a_new_create" computerName="LEO-UBUNTU" duration="00:00:00.2303765" startTime="2026-09-11T17:56:20.6012589+10:00" endTime="2026-09-11T17:56:20.8308336+10:00" testType="13cdc9d9-ddb5-4fa4-a97d-d965ccfc6d4b" outcome="Passed" testListId="8c84fa94-04c1-424b-9868-57a2d4851a1d" relativeResultsDirectory="66bfd9f5-d12d-42b5-8418-fb617c993a85" />
    <UnitTestResult executionId="d1cefe04-70ce-4824-85b8-51afd74e165c" testId="54f3c368-e4a8-79ae-44f1-a70d12684d90" testName="MyloMail.Api.Tests.Content.MessageSearchTests.An_uppercase_reserved_keyword_matches_as_a_literal_word" computerName="LEO-UBUNTU" duration="00:00:00.0217143" startTime="2026-09-11T17:56:15.3791890+10:00" endTime="2026-09-11T17:56:16.2678505+10:00" testType="13cdc9d9-ddb5-4fa4-a97d-d965ccfc6d4b" outcome="Passed" testListId="8c84fa94-04c1-424b-9868-57a2d4851a1d" relativeResultsDirectory="d1cefe04-70ce-4824-85b8-51afd74e165c" />
    <UnitTestResult executionId="2e07df9e-780e-4c8f-a1b4-4b9a479bccb1" testId="21c970e6-4ce0-13e0-1c6b-4fa291be2d1c" testName="MyloMail.Api.Tests.Sync.MailInviteMaterializerTests.A_cancellation_or_reply_method_is_not_materialised" computerName="LEO-UBUNTU" duration="00:00:01.2815949" startTime="2026-09-11T17:56:13.7498593+10:00" endTime="2026-09-11T17:56:15.0312466+10:00" testType="13cdc9d9-ddb5-4fa4-a97d-d965ccfc6d4b" outcome="Passed" testListId="8c84fa94-04c1-424b-9868-57a2d4851a1d" relativeResultsDirectory="2e07df9e-780e-4c8f-a1b4-4b9a479bccb1" />
    <UnitTestResult executionId="991b6164-b4a6-4f1d-9b4c-7f4e0ffa4283" testId="3f8afe29-a001-0005-614b-7372f7c5f17c" testName="MyloMail.Api.Tests.Persistence.DataDirectoryTests.Resolve_creates_the_directory_and_prefers_the_override" computerName="LEO-UBUNTU" duration="00:00:00.0188729" startTime="2026-09-11T17:55:59.9618005+10:00" endTime="2026-09-11T17:55:59.9619135+10:00" testType="13cdc9d9-ddb5-4fa4-a97d-d965ccfc6d4b" outcome="Passed" testListId="8c84fa94-04c1-424b-9868-57a2d4851a1d" relativeResultsDirectory="991b6164-b4a6-4f1d-9b4c-7f4e0ffa4283" />
    <UnitTestResult executionId="4f33a9c2-7095-408b-8b4c-9f944e075ed4" testId="e86e547a-818d-4cab-f777-47354ca2832e" testName="MyloMail.Api.Tests.Scheduling.SchedulingTests.Every_job_type_disables_automatic_retry(jobType: typeof(MyloMail.Api.Scheduling.SyncJobs))" computerName="LEO-UBUNTU" duration="00:00:00.0013959" startTime="2026-09-11T17:55:55.3089776+10:00" endTime="2026-09-11T17:55:55.3090057+10:00" testType="13cdc9d9-ddb5-4fa4-a97d-d965ccfc6d4b" outcome="Passed" testListId="8c84fa94-04c1-424b-9868-57a2d4851a1d" relativeResultsDirectory="4f33a9c2-7095-408b-8b4c-9f944e075ed4" />
    <UnitTestResult executionId="63ace357-3f36-4b69-940c-88afeff89433" testId="091c4d83-a573-2440-2e65-dada44639967" testName="MyloMail.Api.Tests.Mutations.MessageMutationFailuresTests.A_message_with_no_mutations_is_not_reported" computerName="LEO-UBUNTU" duration="00:00:01.8202393" startTime="2026-09-11T17:56:06.8699103+10:00" endTime="2026-09-11T17:56:08.6908227+10:00" testType="13cdc9d9-ddb5-4fa4-a97d-d965ccfc6d4b" outcome="Passed" testListId="8c84fa94-04c1-424b-9868-57a2d4851a1d" relativeResultsDirectory="63ace357-3f36-4b69-940c-88afeff89433" />
    <UnitTestResult executionId="1b03581a-1545-40bc-b191-edac3bd0ea63" testId="4bedc10c-76a7-99e7-4bf3-1e1af44e1e29" testName="MyloMail.Api.Tests.Providers.ImapSpecialUseFallbackTests.A_well_known_folder_name_is_recognised(name: &quot;Junk E-Mail&quot;, expected: Junk)" computerName="LEO-UBUNTU" duration="00:00:00.0000041" startTime="2026-09-11T17:56:05.8163944+10:00" endTime="2026-09-11T17:56:05.8164592+10:00" testType="13cdc9d9-ddb5-4fa4-a97d-d965ccfc6d4b" outcome="Passed" testListId="8c84fa94-04c1-424b-9868-57a2d4851a1d" relativeResultsDirectory="1b03581a-1545-40bc-b191-edac3bd0ea63" />
    <UnitTestResult executionId="203d0ac5-44e6-449d-898f-5cb6bdbdcb55" testId="f88bc992-745d-94ed-fabc-0e947480db63" testName="MyloMail.Api.Tests.Mutations.MutationOrderingTests.An_expired_lease_is_reclaimable" computerName="LEO-UBUNTU" duration="00:00:01.7658963" startTime="2026-09-11T17:56:05.0782201+10:00" endTime="2026-09-11T17:56:06.8437179+10:00" testType="13cdc9d9-ddb5-4fa4-a97d-d965ccfc6d4b" outcome="Passed" testListId="8c84fa94-04c1-424b-9868-57a2d4851a1d" relativeResultsDirectory="203d0ac5-44e6-449d-898f-5cb6bdbdcb55" />
    <UnitTestResult executionId="862266c7-177d-4e19-8195-8a6a362a4e2a" testId="fd16b499-e70d-bca7-e91b-8e5626767809" testName="MyloMail.Api.Tests.Security.CertificateTrustTests.A_pin_for_a_different_hostname_does_not_vouch_for_this_one" computerName="LEO-UBUNTU" duration="00:00:00.0199909" startTime="2026-09-11T17:55:55.3621874+10:00" endTime="2026-09-11T17:55:55.3826036+10:00" testType="13cdc9d9-ddb5-4fa4-a97d-d965ccfc6d4b" outcome="Passed" testListId="8c84fa94-04c1-424b-9868-57a2d4851a1d" relativeResultsDirectory="862266c7-177d-4e19-8195-8a6a362a4e2a" />
    <UnitTestResult executionId="688f126d-04ba-4ab2-8e13-6571a4e977a5" testId="300fe385-5b11-ac87-32bd-b708a5859c7b" testName="MyloMail.Api.Tests.Sync.NotificationEligibilityTests.A_message_arriving_after_the_baseline_is_established_notifies" computerName="LEO-UBUNTU" duration="00:00:00.7065341" startTime="2026-09-11T17:56:16.5106056+10:00" endTime="2026-09-11T17:56:17.2162786+10:00" testType="13cdc9d9-ddb5-4fa4-a97d-d965ccfc6d4b" outcome="Passed" testListId="8c84fa94-04c1-424b-9868-57a2d4851a1d" relativeResultsDirectory="688f126d-04ba-4ab2-8e13-6571a4e977a5" />
    <UnitTestResult executionId="2094a84b-94fc-48b8-b3c4-1cbe34b709aa" testId="0ca08bcd-2f5b-6791-cd6c-dee9f9effe0c" testName="MyloMail.Api.Tests.Providers.CalDavCalendarProviderTests.A_429_response_surfaces_as_a_provider_throttled_failure_with_its_retry_after" computerName="LEO-UBUNTU" duration="00:00:00.0029296" startTime="2026-09-11T17:56:05.7561806+10:00" endTime="2026-09-11T17:56:05.7577709+10:00" testType="13cdc9d9-ddb5-4fa4-a97d-d965ccfc6d4b" outcome="Passed" testListId="8c84fa94-04c1-424b-9868-57a2d4851a1d" relativeResultsDirectory="2094a84b-94fc-48b8-b3c4-1cbe34b709aa" />
    <UnitTestResult executionId="f617b3d6-4a38-4379-a849-7f28899cb8d8" testId="0be7f459-7ea3-23d2-7667-a6b37dae9065" testName="MyloMail.Api.Tests.Providers.ImapSpecialUseFallbackTests.An_unrecognised_folder_name_falls_back_to_none(name: &quot;Projects&quot;)" computerName="LEO-UBUNTU" duration="00:00:00.0001364" startTime="2026-09-11T17:56:05.8194305+10:00" endTime="2026-09-11T17:56:05.8194932+10:00" testType="13cdc9d9-ddb5-4fa4-a97d-d965ccfc6d4b" outcome="Passed" testListId="8c84fa94-04c1-424b-9868-57a2d4851a1d" relativeResultsDirectory="f617b3d6-4a38-4379-a849-7f28899cb8d8" />
    <UnitTestResult executionId="95f848b9-2d4f-404d-b29e-b222ca72faac" testId="84cb1276-85d8-98f6-8b64-0a815e3e30fc" testName="MyloMail.Api.Tests.Mutations.MutationExecutionTests.An_intent_cancelled_at_execution_reverts_its_desired_state" computerName="LEO-UBUNTU" duration="00:00:01.8084270" startTime="2026-09-11T17:56:05.8536631+10:00" endTime="2026-09-11T17:56:07.6620432+10:00" testType="13cdc9d9-ddb5-4fa4-a97d-d965ccfc6d4b" outcome="Passed" testListId="8c84fa94-04c1-424b-9868-57a2d4851a1d" relativeResultsDirectory="95f848b9-2d4f-404d-b29e-b222ca72faac" />
    <UnitTestResult executionId="97691dbf-995f-4382-a638-99b165acdb4b" testId="3e2512a5-3c74-44d2-712e-2dfa657e18be" testName="MyloMail.Api.Tests.Providers.ImapSpecialUseFallbackTests.A_well_known_folder_name_is_recognised(name: &quot;Bin&quot;, expected: Trash)" computerName="LEO-UBUNTU" duration="00:00:00.0000056" startTime="2026-09-11T17:56:05.8183831+10:00" endTime="2026-09-11T17:56:05.8184435+10:00" testType="13cdc9d9-ddb5-4fa4-a97d-d965ccfc6d4b" outcome="Passed" testListId="8c84fa94-04c1-424b-9868-57a2d4851a1d" relativeResultsDirectory="97691dbf-995f-4382-a638-99b165acdb4b" />
    <UnitTestResult executionId="585fd77f-539d-47de-835c-c0cf9de8fa8d" testId="5e3f4940-f559-7730-c659-7b1c3a2d78db" testName="MyloMail.Api.Tests.Controllers.CrossWindowBroadcastTests.Changing_the_close_behaviour_broadcasts_ShellSettingsChanged" computerName="LEO-UBUNTU" duration="00:00:01.9972295" startTime="2026-09-11T17:56:03.0260978+10:00" endTime="2026-09-11T17:56:05.0208458+10:00" testType="13cdc9d9-ddb5-4fa4-a97d-d965ccfc6d4b" outcome="Passed" testListId="8c84fa94-04c1-424b-9868-57a2d4851a1d" relativeResultsDirectory="585fd77f-539d-47de-835c-c0cf9de8fa8d" />
    <UnitTestResult executionId="887d05f7-ae44-49a0-a02e-13e9703ffd5a" testId="438fddb2-5102-da04-5aec-82c366c7312a" testName="MyloMail.Api.Tests.Scheduling.TopologyReschedulingTests.Re_enabling_polling_through_account_settings_does_not_start_a_second_loop" computerName="LEO-UBUNTU" duration="00:00:03.9767357" startTime="2026-09-11T17:55:55.2770406+10:00" endTime="2026-09-11T17:55:59.2478279+10:00" testType="13cdc9d9-ddb5-4fa4-a97d-d965ccfc6d4b" outcome="Passed" testListId="8c84fa94-04c1-424b-9868-57a2d4851a1d" relativeResultsDirectory="887d05f7-ae44-49a0-a02e-13e9703ffd5a" />
    <UnitTestResult executionId="96086e1e-6798-400e-b198-7650b1b34c61" testId="d1d2b2d5-1a61-55b2-3675-aa14dda3efc8" testName="MyloMail.Api.Tests.Providers.GraphThrottleTranslationTests.RetryAfterOf_returns_null_when_the_header_is_absent" computerName="LEO-UBUNTU" duration="00:00:00.0001107" startTime="2026-09-11T17:56:05.6842896+10:00" endTime="2026-09-11T17:56:05.6843568+10:00" testType="13cdc9d9-ddb5-4fa4-a97d-d965ccfc6d4b" outcome="Passed" testListId="8c84fa94-04c1-424b-9868-57a2d4851a1d" relativeResultsDirectory="96086e1e-6798-400e-b198-7650b1b34c61" />
    <UnitTestResult executionId="507f7f8b-7a3c-484f-b8c9-c8d97ad6d40f" testId="d4385a71-2b11-b12b-51ac-b3f370dc4ce0" testName="MyloMail.Api.Tests.Credentials.InMemoryCredentialStoreTests.Does_not_expose_a_mutable_payload_buffer" computerName="LEO-UBUNTU" duration="00:00:00.0035091" startTime="2026-09-11T17:56:01.2811407+10:00" endTime="2026-09-11T17:56:01.2830027+10:00" testType="13cdc9d9-ddb5-4fa4-a97d-d965ccfc6d4b" outcome="Passed" testListId="8c84fa94-04c1-424b-9868-57a2d4851a1d" relativeResultsDirectory="507f7f8b-7a3c-484f-b8c9-c8d97ad6d40f" />
    <UnitTestResult executionId="9e2a1634-b717-4de3-ad12-081650eff31d" testId="129790f7-e451-07b1-1ca7-30e0bb928fdb" testName="MyloMail.Api.Tests.Compose.DraftConflictResolutionTests.Sending_a_draft_whose_base64_encoded_total_exceeds_the_known_message_limit_is_refused" computerName="LEO-UBUNTU" duration="00:00:00.8672393" startTime="2026-09-11T17:56:14.7723131+10:00" endTime="2026-09-11T17:56:15.6392990+10:00" testType="13cdc9d9-ddb5-4fa4-a97d-d965ccfc6d4b" outcome="Passed" testListId="8c84fa94-04c1-424b-9868-57a2d4851a1d" relativeResultsDirectory="9e2a1634-b717-4de3-ad12-081650eff31d" />
    <UnitTestResult executionId="d476d476-7f48-4e44-b3fa-71dff0079c79" testId="1b98ead1-3213-473f-e4b9-57ea60363021" testName="MyloMail.Api.Tests.Mutations.MutationExecutionTests.A_failed_move_does_not_cancel_a_later_independently_satisfiable_intent" computerName="LEO-UBUNTU" duration="00:00:01.8801319" startTime="2026-09-11T17:56:01.9221488+10:00" endTime="2026-09-11T17:56:03.7862562+10:00" testType="13cdc9d9-ddb5-4fa4-a97d-d965ccfc6d4b" outcome="Passed" testListId="8c84fa94-04c1-424b-9868-57a2d4851a1d" relativeResultsDirectory="d476d476-7f48-4e44-b3fa-71dff0079c79" />
    <UnitTestResult executionId="453c9bf1-5d9e-4983-ae8f-ba147140ba98" testId="aacaaa43-92b6-9760-a0a7-1235cf078226" testName="MyloMail.Api.Tests.Accounts.AccountProvisioningTests.Removing_an_account_deletes_it_and_its_credential" computerName="LEO-UBUNTU" duration="00:00:01.8628637" startTime="2026-09-11T17:56:10.5283333+10:00" endTime="2026-09-11T17:56:12.3891876+10:00" testType="13cdc9d9-ddb5-4fa4-a97d-d965ccfc6d4b" outcome="Passed" testListId="8c84fa94-04c1-424b-9868-57a2d4851a1d" relativeResultsDirectory="453c9bf1-5d9e-4983-ae8f-ba147140ba98" />
    <UnitTestResult executionId="7beedcf7-fce2-42b5-945f-deeb6292d4df" testId="38aec293-c139-4d14-f791-938ad4dfe369" testName="MyloMail.Api.Tests.Providers.CalDavCalendarProviderTests.Updating_an_event_sends_if_match_and_surfaces_a_precondition_failure_as_a_conflict" computerName="LEO-UBUNTU" duration="00:00:00.0026151" startTime="2026-09-11T17:56:05.7579461+10:00" endTime="2026-09-11T17:56:05.7602287+10:00" testType="13cdc9d9-ddb5-4fa4-a97d-d965ccfc6d4b" outcome="Passed" testListId="8c84fa94-04c1-424b-9868-57a2d4851a1d" relativeResultsDirectory="7beedcf7-fce2-42b5-945f-deeb6292d4df" />
    <UnitTestResult executionId="a124f18c-0043-4dbd-ad8e-18af67dd1f8d" testId="50188079-b7a3-dd69-5b00-cc8dcb80e5ee" testName="MyloMail.Api.Tests.Scheduling.ContentAcquisitionSnippetTests.A_provider_supplied_snippet_is_never_overwritten" computerName="LEO-UBUNTU" duration="00:00:02.0197321" startTime="2026-09-11T17:56:08.0443427+10:00" endTime="2026-09-11T17:56:10.0648403+10:00" testType="13cdc9d9-ddb5-4fa4-a97d-d965ccfc6d4b" outcome="Passed" testListId="8c84fa94-04c1-424b-9868-57a2d4851a1d" relativeResultsDirectory="a124f18c-0043-4dbd-ad8e-18af67dd1f8d" />
    <UnitTestResult executionId="edc4af08-1da4-4339-9a3e-b4dcc330270c" testId="7df2824a-eb27-9efc-7a0a-44283f0300ae" testName="MyloMail.Api.Tests.Persistence.DataDirectoryTests.Accepts_a_local_path" computerName="LEO-UBUNTU" duration="00:00:00.0021901" startTime="2026-09-11T17:55:59.9399980+10:00" endTime="2026-09-11T17:55:59.9421410+10:00" testType="13cdc9d9-ddb5-4fa4-a97d-d965ccfc6d4b" outcome="Passed" testListId="8c84fa94-04c1-424b-9868-57a2d4851a1d" relativeResultsDirectory="edc4af08-1da4-4339-9a3e-b4dcc330270c" />
    <UnitTestResult executionId="64114a15-0c53-42ae-ba63-3f04a08b05c6" testId="e8258b6c-9b4b-f22b-b46b-f707acaf4c53" testName="MyloMail.Api.Tests.Scheduling.ExportJobsTests.Export_recreates_the_folder_hierarchy_and_writes_each_occurrence" computerName="LEO-UBUNTU" duration="00:00:00.3395529" startTime="2026-09-11T17:56:05.7923755+10:00" endTime="2026-09-11T17:56:07.9591163+10:00" testType="13cdc9d9-ddb5-4fa4-a97d-d965ccfc6d4b" outcome="Passed" testListId="8c84fa94-04c1-424b-9868-57a2d4851a1d" relativeResultsDirectory="64114a15-0c53-42ae-ba63-3f04a08b05c6" />
    <UnitTestResult executionId="e2744a0a-5921-400a-a010-2c21d081d810" testId="17777c18-c3cb-b4bb-1f57-2ccae95f9247" testName="MyloMail.Api.Tests.Providers.CalDav.CalDavIcsParamCaseTests.A_utc_date_time_is_recognised_when_the_server_sends_a_lowercase_z_suffix" computerName="LEO-UBUNTU" duration="00:00:00.0001933" startTime="2026-09-11T17:56:10.0700890+10:00" endTime="2026-09-11T17:56:10.0701445+10:00" testType="13cdc9d9-ddb5-4fa4-a97d-d965ccfc6d4b" outcome="Passed" testListId="8c84fa94-04c1-424b-9868-57a2d4851a1d" relativeResultsDirectory="e2744a0a-5921-400a-a010-2c21d081d810" />
    <UnitTestResult executionId="f4bd51fc-0625-491d-9f6b-27d6ba325622" testId="66c78a5c-33e1-3aca-672e-dc1881a341f0" testName="MyloMail.Api.Tests.Providers.CalDav.CalDavIcsReminderTests.An_events_own_description_survives_a_round_trip_alongside_a_reminder" computerName="LEO-UBUNTU" duration="00:00:00.0187316" startTime="2026-09-11T17:56:01.5152647+10:00" endTime="2026-09-11T17:56:01.5338829+10:00" testType="13cdc9d9-ddb5-4fa4-a97d-d965ccfc6d4b" outcome="Passed" testListId="8c84fa94-04c1-424b-9868-57a2d4851a1d" relativeResultsDirectory="f4bd51fc-0625-491d-9f6b-27d6ba325622" />
    <UnitTestResult executionId="76358409-4b50-4d4c-ad7a-78a65f2b841f" testId="40bd768f-4d8d-26b1-dc09-fc507145a025" testName="MyloMail.Api.Tests.Accounts.AccountsControllerTests.A_locked_credential_store_reports_service_unavailable_not_a_bare_500" computerName="LEO-UBUNTU" duration="00:00:01.7994227" startTime="2026-09-11T17:56:10.0714885+10:00" endTime="2026-09-11T17:56:11.8708737+10:00" testType="13cdc9d9-ddb5-4fa4-a97d-d965ccfc6d4b" outcome="Passed" testListId="8c84fa94-04c1-424b-9868-57a2d4851a1d" relativeResultsDirectory="76358409-4b50-4d4c-ad7a-78a65f2b841f" />
    <UnitTestResult executionId="abca8058-c1ca-4247-bd07-25ed4f4585d0" testId="1ec1d64c-fe73-ebc7-6ea8-9d362471eb59" testName="MyloMail.Api.Tests.Sync.SyncTests.Topology_reconciliation_removes_a_vanished_mailbox" computerName="LEO-UBUNTU" duration="00:00:00.7679714" startTime="2026-09-11T17:56:16.3995033+10:00" endTime="2026-09-11T17:56:17.1672978+10:00" testType="13cdc9d9-ddb5-4fa4-a97d-d965ccfc6d4b" outcome="Passed" testListId="8c84fa94-04c1-424b-9868-57a2d4851a1d" relativeResultsDirectory="abca8058-c1ca-4247-bd07-25ed4f4585d0" />
    <UnitTestResult executionId="80d2021b-9045-40b7-b00d-4eb7fe1ab884" testId="016c04d7-2633-b501-9e46-ea04f79ae039" testName="MyloMail.Api.Tests.Sync.MessageIdentityTests.Removals_batched_in_one_call_do_not_cross_mailboxes_on_a_colliding_occurrence_id" computerName="LEO-UBUNTU" duration="00:00:01.7035382" startTime="2026-09-11T17:56:10.6859289+10:00" endTime="2026-09-11T17:56:12.4035478+10:00" testType="13cdc9d9-ddb5-4fa4-a97d-d965ccfc6d4b" outcome="Passed" testListId="8c84fa94-04c1-424b-9868-57a2d4851a1d" relativeResultsDirectory="80d2021b-9045-40b7-b00d-4eb7fe1ab884" />
    <UnitTestResult executionId="3ea52002-9dc1-4509-84f7-4d0b1f551e4a" testId="9d778119-0a3f-8e3f-7752-25ab21e7f75a" testName="MyloMail.Api.Tests.Mutations.MutationQueueTests.The_newest_intent_takes_ownership_of_a_field" computerName="LEO-UBUNTU" duration="00:00:00.5814546" startTime="2026-09-11T17:56:17.0564242+10:00" endTime="2026-09-11T17:56:17.6482731+10:00" testType="13cdc9d9-ddb5-4fa4-a97d-d965ccfc6d4b" outcome="Passed" testListId="8c84fa94-04c1-424b-9868-57a2d4851a1d" relativeResultsDirectory="3ea52002-9dc1-4509-84f7-4d0b1f551e4a" />
    <UnitTestResult executionId="338d0af9-afd0-459f-8e26-50db2369a180" testId="24837e49-0141-5877-3fe2-b4c65698d5c7" testName="MyloMail.Api.Tests.Contacts.ContactOperationTests.Paused_account_does_not_execute_contact_operations" computerName="LEO-UBUNTU" duration="00:00:00.4079147" startTime="2026-09-11T17:56:18.2610066+10:00" endTime="2026-09-11T17:56:18.6687852+10:00" testType="13cdc9d9-ddb5-4fa4-a97d-d965ccfc6d4b" outcome="Passed" testListId="8c84fa94-04c1-424b-9868-57a2d4851a1d" relativeResultsDirectory="338d0af9-afd0-459f-8e26-50db2369a180" />
    <UnitTestResult executionId="7a100f07-b8fd-443c-8013-b5f063d75ce3" testId="0ddaae46-85db-fcca-53c2-1eec4338a4ad" testName="MyloMail.Api.Tests.Mutations.MutationQueueTests.Sequences_are_scoped_to_one_message" computerName="LEO-UBUNTU" duration="00:00:01.8605761" startTime="2026-09-11T17:56:10.9121066+10:00" endTime="2026-09-11T17:56:12.7722549+10:00" testType="13cdc9d9-ddb5-4fa4-a97d-d965ccfc6d4b" outcome="Passed" testListId="8c84fa94-04c1-424b-9868-57a2d4851a1d" relativeResultsDirectory="7a100f07-b8fd-443c-8013-b5f063d75ce3" />
    <UnitTestResult executionId="eb172a40-9811-4103-9a31-8d978c3d3c44" testId="4937c735-3ddb-d903-5b84-a13a29852a75" testName="MyloMail.Api.Tests.Providers.MailProviderFactoryTests.An_unconfigured_provider_reports_configuration_not_auth(type: Microsoft365)" computerName="LEO-UBUNTU" duration="00:00:00.0052089" startTime="2026-09-11T17:56:04.7151918+10:00" endTime="2026-09-11T17:56:04.7160300+10:00" testType="13cdc9d9-ddb5-4fa4-a97d-d965ccfc6d4b" outcome="Passed" testListId="8c84fa94-04c1-424b-9868-57a2d4851a1d" relativeResultsDirectory="eb172a40-9811-4103-9a31-8d978c3d3c44" />
    <UnitTestResult executionId="76475b75-c877-4772-b881-e605db9f1ada" testId="f5a1d357-72c8-434b-274d-117e6457e062" testName="MyloMail.Api.Tests.Mutations.MutationExecutionTests.A_successful_flag_set_promotes_desired_state_into_server_known_state" computerName="LEO-UBUNTU" duration="00:00:00.9181009" startTime="2026-09-11T17:56:15.4970187+10:00" endTime="2026-09-11T17:56:16.4149452+10:00" testType="13cdc9d9-ddb5-4fa4-a97d-d965ccfc6d4b" outcome="Passed" testListId="8c84fa94-04c1-424b-9868-57a2d4851a1d" relativeResultsDirectory="76475b75-c877-4772-b881-e605db9f1ada" />
    <UnitTestResult executionId="2e4ca508-a553-410f-a5f2-7707a8f4b81b" testId="371f75c5-b284-4250-2079-f9611b04adf1" testName="MyloMail.Api.Tests.Persistence.SchemaInvariantTests.An_account_has_at_most_one_default_send_identity" computerName="LEO-UBUNTU" duration="00:00:01.7872059" startTime="2026-09-11T17:55:59.1805498+10:00" endTime="2026-09-11T17:56:00.9678362+10:00" testType="13cdc9d9-ddb5-4fa4-a97d-d965ccfc6d4b" outcome="Passed" testListId="8c84fa94-04c1-424b-9868-57a2d4851a1d" relativeResultsDirectory="2e4ca508-a553-410f-a5f2-7707a8f4b81b" />
    <UnitTestResult executionId="fa59c4ef-cd8a-4936-9381-3d37ba665ea4" testId="2706a5b7-072b-bccc-4ba6-a88610ef04d7" testName="MyloMail.Api.Tests.Scheduling.ContentAcquisitionSnippetTests.A_blank_snippet_is_filled_from_the_real_body_and_re_announced" computerName="LEO-UBUNTU" duration="00:00:02.0318094" startTime="2026-09-11T17:56:06.0431174+10:00" endTime="2026-09-11T17:56:08.0440946+10:00" testType="13cdc9d9-ddb5-4fa4-a97d-d965ccfc6d4b" outcome="Passed" testListId="8c84fa94-04c1-424b-9868-57a2d4851a1d" relativeResultsDirectory="fa59c4ef-cd8a-4936-9381-3d37ba665ea4" />
    <UnitTestResult executionId="9aa98da1-9b65-4f8f-8229-611682fb34a3" testId="80218831-9aa0-aee4-85d6-78fd45ee7ebf" testName="MyloMail.Api.Tests.Persistence.SchemaInvariantTests.Mailbox_carries_provider_reported_counts_separately" computerName="LEO-UBUNTU" duration="00:00:00.0067852" startTime="2026-09-11T17:55:59.1736875+10:00" endTime="2026-09-11T17:55:59.1802687+10:00" testType="13cdc9d9-ddb5-4fa4-a97d-d965ccfc6d4b" outcome="Passed" testListId="8c84fa94-04c1-424b-9868-57a2d4851a1d" relativeResultsDirectory="9aa98da1-9b65-4f8f-8229-611682fb34a3" />
    <UnitTestResult executionId="784f66ef-7599-4193-8062-710f0397e35f" testId="ddeaf0cb-a6df-0b23-dd09-6d7dcfca94b9" testName="MyloMail.Api.Tests.Content.MessageSearchTests.A_malformed_query_returns_nothing_rather_than_throwing" computerName="LEO-UBUNTU" duration="00:00:00.0015174" startTime="2026-09-11T17:56:17.5667722+10:00" endTime="2026-09-11T17:56:18.1512788+10:00" testType="13cdc9d9-ddb5-4fa4-a97d-d965ccfc6d4b" outcome="Passed" testListId="8c84fa94-04c1-424b-9868-57a2d4851a1d" relativeResultsDirectory="784f66ef-7599-4193-8062-710f0397e35f" />
    <UnitTestResult executionId="08e9f6cb-4a31-46ac-b6bd-aba71ebe0900" testId="fdea211b-1595-1f1c-05b1-215ac3d2cb0c" testName="MyloMail.Api.Tests.Providers.ImapMessageMappingTests.An_inline_image_part_is_not_counted_as_an_attachment" computerName="LEO-UBUNTU" duration="00:00:00.0001867" startTime="2026-09-11T17:55:59.9672868+10:00" endTime="2026-09-11T17:55:59.9673642+10:00" testType="13cdc9d9-ddb5-4fa4-a97d-d965ccfc6d4b" outcome="Passed" testListId="8c84fa94-04c1-424b-9868-57a2d4851a1d" relativeResultsDirectory="08e9f6cb-4a31-46ac-b6bd-aba71ebe0900" />
    <UnitTestResult executionId="ad66a7eb-a143-477b-bef9-0df256d0ff31" testId="55655090-3a69-c27f-6cc6-7fe38cb45cff" testName="MyloMail.Api.Tests.Accounts.AccountsControllerTests.An_account_reports_throttled_only_while_the_gate_holds_it" computerName="LEO-UBUNTU" duration="00:00:00.7165343" startTime="2026-09-11T17:56:16.3490798+10:00" endTime="2026-09-11T17:56:17.0654294+10:00" testType="13cdc9d9-ddb5-4fa4-a97d-d965ccfc6d4b" outcome="Passed" testListId="8c84fa94-04c1-424b-9868-57a2d4851a1d" relativeResultsDirectory="ad66a7eb-a143-477b-bef9-0df256d0ff31" />
    <UnitTestResult executionId="90409b1d-0099-42fb-91c3-9175fd708464" testId="58b2cfc6-78e0-a1d3-c246-e33beb881b9d" testName="MyloMail.Api.Tests.Sync.SyncEventTests.An_idle_poll_announces_nothing" computerName="LEO-UBUNTU" duration="00:00:01.7780430" startTime="2026-09-11T17:56:00.3246058+10:00" endTime="2026-09-11T17:56:02.1023769+10:00" testType="13cdc9d9-ddb5-4fa4-a97d-d965ccfc6d4b" outcome="Passed" testListId="8c84fa94-04c1-424b-9868-57a2d4851a1d" relativeResultsDirectory="90409b1d-0099-42fb-91c3-9175fd708464" />
    <UnitTestResult executionId="2efa121c-0dfe-4d5b-976e-d3ce6e0a7474" testId="50f9bfc1-ac20-1ce2-012a-40d4bdaf0909" testName="MyloMail.Api.Tests.Providers.ImapSpecialUseFallbackTests.A_well_known_folder_name_is_recognised(name: &quot;Trash&quot;, expected: Trash)" computerName="LEO-UBUNTU" duration="00:00:00.0000046" startTime="2026-09-11T17:56:05.8169565+10:00" endTime="2026-09-11T17:56:05.8170202+10:00" testType="13cdc9d9-ddb5-4fa4-a97d-d965ccfc6d4b" outcome="Passed" testListId="8c84fa94-04c1-424b-9868-57a2d4851a1d" relativeResultsDirectory="2efa121c-0dfe-4d5b-976e-d3ce6e0a7474" />
    <UnitTestResult executionId="949efbab-07ae-4121-a1c4-8abcae35258b" testId="7e4f134c-e88d-9079-059b-4491c29ca577" testName="MyloMail.Api.Tests.Sync.MailboxManagementTests.Moving_a_folder_under_another_accounts_folder_is_rejected" computerName="LEO-UBUNTU" duration="00:00:01.6538160" startTime="2026-09-11T17:56:06.6070627+10:00" endTime="2026-09-11T17:56:08.2606399+10:00" testType="13cdc9d9-ddb5-4fa4-a97d-d965ccfc6d4b" outcome="Passed" testListId="8c84fa94-04c1-424b-9868-57a2d4851a1d" relativeResultsDirectory="949efbab-07ae-4121-a1c4-8abcae35258b" />
    <UnitTestResult executionId="d69bc5e2-bfdf-488b-a409-3ee2dd776d3c" testId="fb90fa8f-f7b3-6414-4035-55acf92063b3" testName="MyloMail.Api.Tests.Scheduling.ExportJobsTests.A_batch_failure_can_resume_from_where_it_left_off" computerName="LEO-UBUNTU" duration="00:00:00.1038685" startTime="2026-09-11T17:56:10.2811687+10:00" endTime="2026-09-11T17:56:12.0809006+10:00" testType="13cdc9d9-ddb5-4fa4-a97d-d965ccfc6d4b" outcome="Passed" testListId="8c84fa94-04c1-424b-9868-57a2d4851a1d" relativeResultsDirectory="d69bc5e2-bfdf-488b-a409-3ee2dd776d3c" />
    <UnitTestResult executionId="cba465da-0070-4527-8c75-3c7d93433cd6" testId="eb9742f0-63ed-5117-b3ce-6df92169a5da" testName="MyloMail.Api.Tests.Sync.MessageIdentityTests.Occurrence_ids_that_collide_across_mailboxes_stay_separate_within_one_page" computerName="LEO-UBUNTU" duration="00:00:01.8647143" startTime="2026-09-11T17:56:03.4163595+10:00" endTime="2026-09-11T17:56:05.2803377+10:00" testType="13cdc9d9-ddb5-4fa4-a97d-d965ccfc6d4b" outcome="Passed" testListId="8c84fa94-04c1-424b-9868-57a2d4851a1d" relativeResultsDirectory="cba465da-0070-4527-8c75-3c7d93433cd6" />
    <UnitTestResult executionId="f0bb8827-be43-49e7-9df0-478b182f460a" testId="2811eead-9597-c09a-3f09-0c4fe99710ee" testName="MyloMail.Api.Tests.Scheduling.TombstoneGcJobsTests.A_message_a_draft_is_replying_to_is_not_collected" computerName="LEO-UBUNTU" duration="00:00:01.9267319" startTime="2026-09-11T17:56:05.4260818+10:00" endTime="2026-09-11T17:56:07.3525411+10:00" testType="13cdc9d9-ddb5-4fa4-a97d-d965ccfc6d4b" outcome="Passed" testListId="8c84fa94-04c1-424b-9868-57a2d4851a1d" relativeResultsDirectory="f0bb8827-be43-49e7-9df0-478b182f460a" />
    <UnitTestResult executionId="7ca5baec-f27a-4e9a-abea-91bf3cc856b1" testId="3eeb6a63-a201-9bc6-f0ae-b14a4ba99899" testName="MyloMail.Api.Tests.Providers.CalDav.CalDavIcsDurationTests.An_all_day_vevent_with_neither_dtend_nor_duration_defaults_to_one_day" computerName="LEO-UBUNTU" duration="00:00:00.0002760" startTime="2026-09-11T17:56:05.8234425+10:00" endTime="2026-09-11T17:56:05.8235451+10:00" testType="13cdc9d9-ddb5-4fa4-a97d-d965ccfc6d4b" outcome="Passed" testListId="8c84fa94-04c1-424b-9868-57a2d4851a1d" relativeResultsDirectory="7ca5baec-f27a-4e9a-abea-91bf3cc856b1" />
    <UnitTestResult executionId="4810c318-36f0-447a-8ea0-090e1dcd4718" testId="b7e129d6-eca4-5b54-6b61-dc9927601b81" testName="MyloMail.Api.Tests.Scheduling.SchedulingTests.A_shorter_signal_never_shortens_an_existing_pause" computerName="LEO-UBUNTU" duration="00:00:00.0001561" startTime="2026-09-11T17:55:55.3108104+10:00" endTime="2026-09-11T17:55:55.3108456+10:00" testType="13cdc9d9-ddb5-4fa4-a97d-d965ccfc6d4b" outcome="Passed" testListId="8c84fa94-04c1-424b-9868-57a2d4851a1d" relativeResultsDirectory="4810c318-36f0-447a-8ea0-090e1dcd4718" />
    <UnitTestResult executionId="09af9e8a-bacd-43d7-a3ba-7b8e9d0375df" testId="bf85d494-b633-d5c2-e2cf-5ee9493dd9c4" testName="MyloMail.Api.Tests.Contacts.ContactOperationTests.Refresh_authentication_failure_pauses_the_account_and_stops_its_loop" computerName="LEO-UBUNTU" duration="00:00:01.4452302" startTime="2026-09-11T17:56:12.6232780+10:00" endTime="2026-09-11T17:56:14.0673253+10:00" testType="13cdc9d9-ddb5-4fa4-a97d-d965ccfc6d4b" outcome="Passed" testListId="8c84fa94-04c1-424b-9868-57a2d4851a1d" relativeResultsDirectory="09af9e8a-bacd-43d7-a3ba-7b8e9d0375df" />
    <UnitTestResult executionId="e1da3724-78ea-4e94-ad7f-639659058ad4" testId="6cfe1711-4085-a8fa-d0a1-e1f473d256d3" testName="MyloMail.Api.Tests.Providers.InlineAttachmentSendTests.Gmail_send_keeps_an_inline_image_out_of_the_visible_attachment_list" computerName="LEO-UBUNTU" duration="00:00:00.0143359" startTime="2026-09-11T17:55:56.7025780+10:00" endTime="2026-09-11T17:55:56.7169081+10:00" testType="13cdc9d9-ddb5-4fa4-a97d-d965ccfc6d4b" outcome="Passed" testListId="8c84fa94-04c1-424b-9868-57a2d4851a1d" relativeResultsDirectory="e1da3724-78ea-4e94-ad7f-639659058ad4" />
    <UnitTestResult executionId="33fe6823-0d42-4048-8555-59978e36b3be" testId="62c7f305-8ef4-a4fb-c08a-bb2cb68d4577" testName="MyloMail.Api.Tests.Outbox.OutboxTests.A_stable_message_id_is_generated_before_any_attempt" computerName="LEO-UBUNTU" duration="00:00:00.6858599" startTime="2026-09-11T17:56:17.0401130+10:00" endTime="2026-09-11T17:56:17.7251543+10:00" testType="13cdc9d9-ddb5-4fa4-a97d-d965ccfc6d4b" outcome="Passed" testListId="8c84fa94-04c1-424b-9868-57a2d4851a1d" relativeResultsDirectory="33fe6823-0d42-4048-8555-59978e36b3be" />
    <UnitTestResult executionId="721874a8-8576-4991-b295-1e999d2fd90c" testId="090a9601-39ee-f7b9-4c20-b1db969b9918" testName="MyloMail.Api.Tests.Content.AttachmentServiceTests.Sanitises_untrusted_filenames(input: &quot;../../invoice.pdf&quot;, expected: &quot;.._.._invoice.pdf&quot;)" computerName="LEO-UBUNTU" duration="00:00:00.0000201" startTime="2026-09-11T17:56:07.9315424+10:00" endTime="2026-09-11T17:56:07.9316061+10:00" testType="13cdc9d9-ddb5-4fa4-a97d-d965ccfc6d4b" outcome="Passed" testListId="8c84fa94-04c1-424b-9868-57a2d4851a1d" relativeResultsDirectory="721874a8-8576-4991-b295-1e999d2fd90c" />
    <UnitTestResult executionId="2e9f025f-53c9-4bf6-aaa6-5337ec2e2d76" testId="783229b4-ef9e-e040-55ae-baf15da12cf5" testName="MyloMail.Api.Tests.Sync.SyncTests.An_invalidated_cursor_triggers_resynchronisation" computerName="LEO-UBUNTU" duration="00:00:00.2562042" startTime="2026-09-11T17:56:20.9441377+10:00" endTime="2026-09-11T17:56:21.2001381+10:00" testType="13cdc9d9-ddb5-4fa4-a97d-d965ccfc6d4b" outcome="Passed" testListId="8c84fa94-04c1-424b-9868-57a2d4851a1d" relativeResultsDirectory="2e9f025f-53c9-4bf6-aaa6-5337ec2e2d76" />
    <UnitTestResult executionId="95b49cce-f332-4842-b750-800c95a8303c" testId="f24baa5d-1579-b8d4-85d7-c8769ce1579b" testName="MyloMail.Api.Tests.Contacts.ContactOperationTests.Keep_theirs_removes_a_conflicted_contact_that_was_deleted_remotely" computerName="LEO-UBUNTU" duration="00:00:00.1981590" startTime="2026-09-11T17:56:20.8310559+10:00" endTime="2026-09-11T17:56:21.0290776+10:00" testType="13cdc9d9-ddb5-4fa4-a97d-d965ccfc6d4b" outcome="Passed" testListId="8c84fa94-04c1-424b-9868-57a2d4851a1d" relativeResultsDirectory="95b49cce-f332-4842-b750-800c95a8303c" />
    <UnitTestResult executionId="c415da7e-8570-475a-a58f-361e2cb233bc" testId="6c3aa8b1-8d1f-de75-1177-7943927f21f5" testName="MyloMail.Api.Tests.Mutations.MutationOrderingTests.Only_the_chain_head_is_claimable" computerName="LEO-UBUNTU" duration="00:00:01.8069612" startTime="2026-09-11T17:56:10.4618484+10:00" endTime="2026-09-11T17:56:12.2686822+10:00" testType="13cdc9d9-ddb5-4fa4-a97d-d965ccfc6d4b" outcome="Passed" testListId="8c84fa94-04c1-424b-9868-57a2d4851a1d" relativeResultsDirectory="c415da7e-8570-475a-a58f-361e2cb233bc" />
    <UnitTestResult executionId="f1d335c8-303b-4c97-bde7-888421031132" testId="fac5b84a-db59-3e4b-c275-2d7687dada55" testName="MyloMail.Api.Tests.Contacts.ContactOperationTests.Missing_provider_configuration_never_marks_contact_intent_dispatched" computerName="LEO-UBUNTU" duration="00:00:00.3255487" startTime="2026-09-11T17:56:19.7634469+10:00" endTime="2026-09-11T17:56:20.0888532+10:00" testType="13cdc9d9-ddb5-4fa4-a97d-d965ccfc6d4b" outcome="Passed" testListId="8c84fa94-04c1-424b-9868-57a2d4851a1d" relativeResultsDirectory="f1d335c8-303b-4c97-bde7-888421031132" />
    <UnitTestResult executionId="28f8f325-18cc-4260-ae9e-d9fc15b329dc" testId="ab3730c8-20af-efce-da12-ed9b950747ff" testName="MyloMail.Api.Tests.Hubs.MessageBodyTests.Fetching_the_body_of_a_message_that_no_longer_exists_throws" computerName="LEO-UBUNTU" duration="00:00:02.0034319" startTime="2026-09-11T17:56:07.8680526+10:00" endTime="2026-09-11T17:56:09.8715980+10:00" testType="13cdc9d9-ddb5-4fa4-a97d-d965ccfc6d4b" outcome="Passed" testListId="8c84fa94-04c1-424b-9868-57a2d4851a1d" relativeResultsDirectory="28f8f325-18cc-4260-ae9e-d9fc15b329dc" />
    <UnitTestResult executionId="78c54f9b-c72d-4ff9-b50a-97d51e6f0eda" testId="3a2b2ca3-8ddc-1762-536d-498fab6fb99c" testName="MyloMail.Api.Tests.Accounts.AccountProvisioningTests.Removing_an_account_with_a_nested_mailbox_hierarchy_does_not_throw" computerName="LEO-UBUNTU" duration="00:00:04.1153950" startTime="2026-09-11T17:55:55.2771674+10:00" endTime="2026-09-11T17:55:59.3865465+10:00" testType="13cdc9d9-ddb5-4fa4-a97d-d965ccfc6d4b" outcome="Passed" testListId="8c84fa94-04c1-424b-9868-57a2d4851a1d" relativeResultsDirectory="78c54f9b-c72d-4ff9-b50a-97d51e6f0eda" />
    <UnitTestResult executionId="a05aa33b-fce1-4db6-888a-5d40282989dc" testId="3d1981f2-b1bf-730e-7271-3e984e2a321d" testName="MyloMail.Api.Tests.Compose.DraftServiceSendValidationTests.Sending_a_draft_with_no_recipients_at_all_is_rejected_before_queueing" computerName="LEO-UBUNTU" duration="00:00:01.8168339" startTime="2026-09-11T17:56:03.4912623+10:00" endTime="2026-09-11T17:56:05.3078388+10:00" testType="13cdc9d9-ddb5-4fa4-a97d-d965ccfc6d4b" outcome="Passed" testListId="8c84fa94-04c1-424b-9868-57a2d4851a1d" relativeResultsDirectory="a05aa33b-fce1-4db6-888a-5d40282989dc" />
    <UnitTestResult executionId="f4d57bbc-0a01-49fb-873e-ed32279e3824" testId="58d8e5a4-ac31-7587-fa0e-ff1548890604" testName="MyloMail.Api.Tests.Sync.MessageIdentityTests.Flag_changes_batched_in_one_call_do_not_cross_mailboxes_on_a_colliding_occurrence_id" computerName="LEO-UBUNTU" duration="00:00:01.8046686" startTime="2026-09-11T17:56:08.8811055+10:00" endTime="2026-09-11T17:56:10.6856797+10:00" testType="13cdc9d9-ddb5-4fa4-a97d-d965ccfc6d4b" outcome="Passed" testListId="8c84fa94-04c1-424b-9868-57a2d4851a1d" relativeResultsDirectory="f4d57bbc-0a01-49fb-873e-ed32279e3824" />
[...]
    <TestEntry testId="016e2f9d-d021-c9cd-7ace-7ac11524c1dd" executionId="7b48c813-3de4-424f-b613-11b74d14526d" testListId="8c84fa94-04c1-424b-9868-57a2d4851a1d" />
    <TestEntry testId="cda899da-6c46-6420-299e-363e855c7ce6" executionId="f69316d7-d4c3-4d59-b5f9-2fd5c93c12c5" testListId="8c84fa94-04c1-424b-9868-57a2d4851a1d" />
    <TestEntry testId="3ecf93bf-e573-6906-7df0-0f9a843c80a3" executionId="f1907768-c8c4-44d0-8509-8f5364a116e8" testListId="8c84fa94-04c1-424b-9868-57a2d4851a1d" />
    <TestEntry testId="1b8432a5-e375-451b-025c-92e538e01c7d" executionId="3fdcbccb-03c9-4e44-8217-9d60d3b0ce46" testListId="8c84fa94-04c1-424b-9868-57a2d4851a1d" />
    <TestEntry testId="a5cfc000-3abc-a729-2be3-722989cbfb6e" executionId="c86af696-8d64-4249-9c7f-6092c17dde4d" testListId="8c84fa94-04c1-424b-9868-57a2d4851a1d" />
    <TestEntry testId="04fdaef9-8517-f9de-a39a-9f5e1e7c63c1" executionId="3e32a8fd-8a45-49a3-a356-9ada7427ba5e" testListId="8c84fa94-04c1-424b-9868-57a2d4851a1d" />
    <TestEntry testId="291ae3ba-60fe-08a2-7c0f-ffa1140e93bb" executionId="45f7e75e-f2d1-4257-8034-ef3c3ebe4c22" testListId="8c84fa94-04c1-424b-9868-57a2d4851a1d" />
    <TestEntry testId="4892e58b-dfa0-37a4-874c-4a19f6194c98" executionId="89596107-79ef-4015-8b2a-6ec8186f8c02" testListId="8c84fa94-04c1-424b-9868-57a2d4851a1d" />
    <TestEntry testId="3b80741a-90e6-03cc-142e-f8a038dc5f30" executionId="e0c91d39-fe52-409a-ac04-fc8b6aa67381" testListId="8c84fa94-04c1-424b-9868-57a2d4851a1d" />
    <TestEntry testId="562014e6-7d38-bd52-e65f-ef1a27ed0439" executionId="f27fe7a1-cb79-4930-b423-395ac1057ddf" testListId="8c84fa94-04c1-424b-9868-57a2d4851a1d" />
    <TestEntry testId="64e453f5-e8c4-fad9-c159-468e95df2659" executionId="28d13888-74ff-4139-ba7e-9b067d2bd62d" testListId="8c84fa94-04c1-424b-9868-57a2d4851a1d" />
    <TestEntry testId="ee4b61be-9ca7-3048-b98a-d3d2c6519ba4" executionId="349744ef-b313-4f0f-b9f9-3f0068878167" testListId="8c84fa94-04c1-424b-9868-57a2d4851a1d" />
    <TestEntry testId="4f8b0541-6bea-38a6-bf9b-b22e61b1e861" executionId="68c3df45-bb78-4c17-8390-020b5a1c942f" testListId="8c84fa94-04c1-424b-9868-57a2d4851a1d" />
    <TestEntry testId="12b3efb3-921b-8e5c-a094-34e404899dc3" executionId="d8423817-0aff-446a-9be9-d6b7efb0d610" testListId="8c84fa94-04c1-424b-9868-57a2d4851a1d" />
    <TestEntry testId="a3830b22-6fb6-f97b-b638-0779e8c121ba" executionId="7e1fd2f0-7220-4457-8e8b-6bfb732df6b7" testListId="8c84fa94-04c1-424b-9868-57a2d4851a1d" />
    <TestEntry testId="ca9ff639-6ffc-41b7-555e-bef926976d8b" executionId="83ae2dc9-ceab-4138-a8d0-2f65123070bc" testListId="8c84fa94-04c1-424b-9868-57a2d4851a1d" />
    <TestEntry testId="bd8799d0-88d3-8956-feb7-35fd1adaf7ca" executionId="3fec7ada-c425-4f49-91f2-d9a1a90c0d5b" testListId="8c84fa94-04c1-424b-9868-57a2d4851a1d" />
    <TestEntry testId="70d89360-cdcb-5eec-3993-e8afa4dc73cc" executionId="70acdb33-dbf9-4d29-a46a-7afdc8aff863" testListId="8c84fa94-04c1-424b-9868-57a2d4851a1d" />
    <TestEntry testId="33ba4958-2153-0487-8788-bd515b7c7cab" executionId="8ef73455-7a22-4cab-ba40-8d48dcd534ca" testListId="8c84fa94-04c1-424b-9868-57a2d4851a1d" />
    <TestEntry testId="4584d1b8-6913-8d32-5e34-52811d8e9f27" executionId="65f1b935-ca65-42c5-ac71-dc93bc144dd1" testListId="8c84fa94-04c1-424b-9868-57a2d4851a1d" />
    <TestEntry testId="feea9597-1a44-9fa4-e161-2c65e7defb1d" executionId="1bc8ff30-ef14-4a81-aafb-de363f6f6d41" testListId="8c84fa94-04c1-424b-9868-57a2d4851a1d" />
    <TestEntry testId="84e4632d-c3f7-ad0a-3d30-154e7c85c75d" executionId="c6618c01-c315-4f9b-9581-9f3652d8f8e4" testListId="8c84fa94-04c1-424b-9868-57a2d4851a1d" />
    <TestEntry testId="3c8ea5bf-f90e-3a48-f56b-dd412bdff3af" executionId="e7216522-df50-44e7-adf5-94561e3db5d4" testListId="8c84fa94-04c1-424b-9868-57a2d4851a1d" />
    <TestEntry testId="35896a48-a024-b68d-7670-c2ba98b43084" executionId="81a93b41-be95-4886-8a13-d7175abdf4a0" testListId="8c84fa94-04c1-424b-9868-57a2d4851a1d" />
    <TestEntry testId="ee636fef-bc30-506b-51f7-f31f90a6e2d2" executionId="c68f78bc-cbc6-415c-a222-eac1049015d6" testListId="8c84fa94-04c1-424b-9868-57a2d4851a1d" />
    <TestEntry testId="ff43ac7e-13d2-6af4-45d0-747f722d4dc3" executionId="5df23dc4-2b6d-4a42-9d61-4eeca495e6bc" testListId="8c84fa94-04c1-424b-9868-57a2d4851a1d" />
    <TestEntry testId="8f24b89d-d2d6-2f7f-71fd-9c593661b00c" executionId="6e92b83d-d29b-424f-a43d-afe4cd700488" testListId="8c84fa94-04c1-424b-9868-57a2d4851a1d" />
    <TestEntry testId="fe1a81a6-417c-b632-baab-3d27e93fa63c" executionId="3afd2ac4-d353-4405-8a9b-28fabec2ba3b" testListId="8c84fa94-04c1-424b-9868-57a2d4851a1d" />
    <TestEntry testId="70c909dd-5dd9-fe71-47d0-ffeaad975b1e" executionId="fa8f9858-d790-4ea9-b4d8-49a2dbe527ec" testListId="8c84fa94-04c1-424b-9868-57a2d4851a1d" />
    <TestEntry testId="3971e86e-cfd1-fc49-4709-346555963617" executionId="d046c710-2420-492c-b9e1-86f07e3314a9" testListId="8c84fa94-04c1-424b-9868-57a2d4851a1d" />
    <TestEntry testId="414db1e9-d13d-51bb-5a99-5eaa9e2e62ae" executionId="d4c202bf-1687-4169-9190-dd33271a9c3e" testListId="8c84fa94-04c1-424b-9868-57a2d4851a1d" />
    <TestEntry testId="815a2d8d-76f0-cfef-fb92-0c838654dc6a" executionId="573fd8a1-415f-4eef-9a3c-664514421daa" testListId="8c84fa94-04c1-424b-9868-57a2d4851a1d" />
    <TestEntry testId="b8199db9-e90d-78c1-a26d-5a5f293fe7b0" executionId="a05dd0b5-004a-4679-b683-b7c81070a663" testListId="8c84fa94-04c1-424b-9868-57a2d4851a1d" />
    <TestEntry testId="ab2587f0-754c-f08a-8bae-27e772146c0e" executionId="cf486893-a4cc-451c-8a6a-0429bd981745" testListId="8c84fa94-04c1-424b-9868-57a2d4851a1d" />
    <TestEntry testId="8bf408d2-a011-44e7-74aa-b2fb58cd92cc" executionId="2ad3d665-90e6-4650-9626-dde97611344e" testListId="8c84fa94-04c1-424b-9868-57a2d4851a1d" />
    <TestEntry testId="dd04a1d3-e048-6da2-6783-d4e6ee328a16" executionId="452ab153-3063-4ca0-b376-6f6604bc477c" testListId="8c84fa94-04c1-424b-9868-57a2d4851a1d" />
    <TestEntry testId="b1f593cd-6709-6932-f9b1-01f3df8cf0d0" executionId="abffe74a-9791-4ff3-9058-bd73c5d18368" testListId="8c84fa94-04c1-424b-9868-57a2d4851a1d" />
    <TestEntry testId="6ff528e8-a992-886b-6ce8-08bdd218b2d9" executionId="9cc5703c-948b-43a9-9b6f-18cd78d87d97" testListId="8c84fa94-04c1-424b-9868-57a2d4851a1d" />
    <TestEntry testId="c0f66b72-4882-be39-b30c-1e1e39d90d1b" executionId="1b8fbf49-3418-480f-ac0c-3def2588caad" testListId="8c84fa94-04c1-424b-9868-57a2d4851a1d" />
    <TestEntry testId="e3c7d187-9ca9-d279-a781-ff11545737de" executionId="bb1788c4-0ec9-4b65-b5e5-e3a86f288530" testListId="8c84fa94-04c1-424b-9868-57a2d4851a1d" />
    <TestEntry testId="d9746aa8-341d-2663-b5c0-1a21f30cdc81" executionId="43b9b0cb-0a56-4bcb-a4cd-ee81d40997b4" testListId="8c84fa94-04c1-424b-9868-57a2d4851a1d" />
    <TestEntry testId="e5121dc7-6730-1253-51c7-960b70d723bb" executionId="d4f7472a-1f17-41d7-89da-bd59e50ccb60" testListId="8c84fa94-04c1-424b-9868-57a2d4851a1d" />
    <TestEntry testId="70da9002-fd61-4042-7a55-7ce4e7f8077b" executionId="6188f860-addd-4cb7-81af-7722e67630b7" testListId="8c84fa94-04c1-424b-9868-57a2d4851a1d" />
    <TestEntry testId="7176d07d-6d72-8279-6b14-874603db84ec" executionId="5a334afd-f4b7-4115-88c7-74a4c35a3a76" testListId="8c84fa94-04c1-424b-9868-57a2d4851a1d" />
    <TestEntry testId="dc7c2eaa-42fe-8d8c-fc12-e3da8bf7a9f5" executionId="e4f4d72a-bf18-4f58-8d4e-8439c98441ce" testListId="8c84fa94-04c1-424b-9868-57a2d4851a1d" />
    <TestEntry testId="b1316732-bc6d-e42b-b231-fef7358b16ff" executionId="4f65b0ef-1f31-4c36-b1cf-356a0dbe063c" testListId="8c84fa94-04c1-424b-9868-57a2d4851a1d" />
    <TestEntry testId="a315ef04-861e-a4f4-82d5-2c38d7c1e9b2" executionId="381a21db-b77f-4a39-bbdc-54b91e433260" testListId="8c84fa94-04c1-424b-9868-57a2d4851a1d" />
    <TestEntry testId="8505b4d2-59a0-29ff-75c7-a958fae353b4" executionId="4119ba12-d243-43a8-9a9b-a1a04f954b41" testListId="8c84fa94-04c1-424b-9868-57a2d4851a1d" />
    <TestEntry testId="b8ceb79b-94d3-ec0b-be68-d0ec854e2258" executionId="acda3a11-2d5e-43ce-841e-bef891736ffc" testListId="8c84fa94-04c1-424b-9868-57a2d4851a1d" />
    <TestEntry testId="3bb2383c-57ec-31f4-9b7d-6a57a3e1de8c" executionId="304d2fce-d55d-4546-9d54-625224745e88" testListId="8c84fa94-04c1-424b-9868-57a2d4851a1d" />
    <TestEntry testId="a4e1ee0b-979b-492a-6c09-463a5faadd9a" executionId="d6de7638-8c1a-43a0-9676-12cf040be932" testListId="8c84fa94-04c1-424b-9868-57a2d4851a1d" />
    <TestEntry testId="9fa3d219-af5c-a574-52ed-5dd39d5b073d" executionId="5ef9e726-eede-4ca5-b6bd-bd12c53c0ff8" testListId="8c84fa94-04c1-424b-9868-57a2d4851a1d" />
    <TestEntry testId="4d74820d-a063-004a-a7bb-3547079dc794" executionId="26d02eb6-8e1a-4060-89c5-4ae9dcf14bea" testListId="8c84fa94-04c1-424b-9868-57a2d4851a1d" />
    <TestEntry testId="7881c084-ffff-ffaa-f7a7-55770cd56894" executionId="fc287f92-c26c-446d-99c3-358873036a9b" testListId="8c84fa94-04c1-424b-9868-57a2d4851a1d" />
    <TestEntry testId="5e7b641a-042c-2167-927c-be2807915ed7" executionId="bead6e93-6162-4a6e-91d8-93e621493e83" testListId="8c84fa94-04c1-424b-9868-57a2d4851a1d" />
    <TestEntry testId="619514f3-7700-35fa-f049-1fe9cbd8ae8c" executionId="68976ed4-b44a-421c-b19a-45714ef07f03" testListId="8c84fa94-04c1-424b-9868-57a2d4851a1d" />
    <TestEntry testId="fc845243-b061-18ab-e1f5-ff1228f9b560" executionId="82016375-a046-473b-8e08-b9589c484911" testListId="8c84fa94-04c1-424b-9868-57a2d4851a1d" />
    <TestEntry testId="4d7eb6cc-01fe-d5ff-ebac-5597c0caf560" executionId="ae833dd2-fd87-49ff-926e-0c340fb715ff" testListId="8c84fa94-04c1-424b-9868-57a2d4851a1d" />
    <TestEntry testId="465ce353-b59e-025d-4b84-8fe5168b8ce6" executionId="5763b2b9-9482-4c11-a593-281cfc85efad" testListId="8c84fa94-04c1-424b-9868-57a2d4851a1d" />
    <TestEntry testId="f068e6ae-48e4-1500-1a5a-a13b3a357329" executionId="06c0f0cc-48a8-4fe3-8689-867d4eb95e92" testListId="8c84fa94-04c1-424b-9868-57a2d4851a1d" />
    <TestEntry testId="4610ebcc-24cb-0c23-78c0-e70e5d834e38" executionId="fe03570c-41dd-4016-a781-255f25fb272b" testListId="8c84fa94-04c1-424b-9868-57a2d4851a1d" />
    <TestEntry testId="f7cfdbea-bb30-26df-d096-8b2b979c271b" executionId="0d420910-9e26-4fde-8bd0-82ae45958517" testListId="8c84fa94-04c1-424b-9868-57a2d4851a1d" />
    <TestEntry testId="b4ac81a9-46b9-a7be-9b60-a02267e10456" executionId="12197e12-aa8a-4bd6-adce-99bd159b1d2a" testListId="8c84fa94-04c1-424b-9868-57a2d4851a1d" />
    <TestEntry testId="a8b0589c-eecc-0151-ee81-b9c2213ae02a" executionId="e6308533-79c8-44a9-beb9-2eb150fc1412" testListId="8c84fa94-04c1-424b-9868-57a2d4851a1d" />
    <TestEntry testId="85e5ac74-0e70-8f96-1915-a81195de0571" executionId="de6e08a3-d403-45ad-aba3-0dd4958071b6" testListId="8c84fa94-04c1-424b-9868-57a2d4851a1d" />
    <TestEntry testId="79edebd5-4da0-e467-ff14-e002dafed55f" executionId="204666c4-0ba7-4060-b017-5a653688398a" testListId="8c84fa94-04c1-424b-9868-57a2d4851a1d" />
    <TestEntry testId="1daa5184-b618-2bc5-b044-17564f2a8e3c" executionId="a1ff55a4-f37f-4661-99bb-471f627a9e78" testListId="8c84fa94-04c1-424b-9868-57a2d4851a1d" />
    <TestEntry testId="6dc1bed5-365a-0748-45f8-2db5b17e3117" executionId="47107671-bf7d-455e-9709-53e1c99bb64f" testListId="8c84fa94-04c1-424b-9868-57a2d4851a1d" />
    <TestEntry testId="fecd6221-9d63-967b-f424-29e633e98d4b" executionId="4a86831f-966e-475d-87b3-d66d0cac71d1" testListId="8c84fa94-04c1-424b-9868-57a2d4851a1d" />
    <TestEntry testId="6f96abe2-34fc-b28a-71a2-da3f68d2b0e7" executionId="e2deabc8-f209-4271-bffc-60e28b5a1e47" testListId="8c84fa94-04c1-424b-9868-57a2d4851a1d" />
    <TestEntry testId="3e93454d-9923-9889-edff-7e99ff12e4d4" executionId="a83bedf7-1fe6-4740-9714-78cce3ed05b4" testListId="8c84fa94-04c1-424b-9868-57a2d4851a1d" />
    <TestEntry testId="2be41428-5f59-9fe3-535c-5f2f21e7227b" executionId="5d0ff14f-48b5-441b-9114-b73827514118" testListId="8c84fa94-04c1-424b-9868-57a2d4851a1d" />
    <TestEntry testId="18b80c29-1a97-731d-9626-8a26cd9da7e9" executionId="d2e8fb1a-af3d-40de-aeaa-4dd051459738" testListId="8c84fa94-04c1-424b-9868-57a2d4851a1d" />
    <TestEntry testId="409b2528-3226-5c79-49bb-dbb31747b1d2" executionId="bf0fe996-c320-4c0c-8e41-d5649b916f4c" testListId="8c84fa94-04c1-424b-9868-57a2d4851a1d" />
    <TestEntry testId="d5ad177d-d524-16ac-e474-8c1887b1652c" executionId="c9facf93-32f3-4aa1-88ee-5313ecd25640" testListId="8c84fa94-04c1-424b-9868-57a2d4851a1d" />
    <TestEntry testId="cde72161-9205-492b-2195-d61a095c94d0" executionId="b480310a-5335-4255-b469-0dbead72c80b" testListId="8c84fa94-04c1-424b-9868-57a2d4851a1d" />
    <TestEntry testId="910c1f1b-fa60-4f84-1dc9-c4056df650e3" executionId="a904477f-0cd7-4898-b97c-e7def893ced0" testListId="8c84fa94-04c1-424b-9868-57a2d4851a1d" />
    <TestEntry testId="fe2a652e-68c1-c29a-1d6c-b0c569c383a2" executionId="bfc4d2c0-e449-4a07-af46-9c96a358f988" testListId="8c84fa94-04c1-424b-9868-57a2d4851a1d" />
    <TestEntry testId="c774e01c-fd72-e455-dbab-35f73b12fb29" executionId="f792765e-170a-4ea6-a7fa-9df7d61b1ea1" testListId="8c84fa94-04c1-424b-9868-57a2d4851a1d" />
    <TestEntry testId="be819f64-6aa2-19ae-b082-895757ef023f" executionId="ccde424e-9f87-4db1-905c-78f1bf5478f5" testListId="8c84fa94-04c1-424b-9868-57a2d4851a1d" />
    <TestEntry testId="2953b828-4fc5-2673-37ac-768c01cfa220" executionId="06fbec9b-cac3-450a-bb9f-bec9dc3be1fe" testListId="8c84fa94-04c1-424b-9868-57a2d4851a1d" />
    <TestEntry testId="9b8507df-e0e9-e9c6-5d45-435931ecdb0a" executionId="cca09396-d997-4d2a-a762-60415cc2eed1" testListId="8c84fa94-04c1-424b-9868-57a2d4851a1d" />
    <TestEntry testId="693c8ab3-360b-f524-d70a-f23b8bed59d4" executionId="19fe7415-a9be-4eea-90ce-252b7dea70a9" testListId="8c84fa94-04c1-424b-9868-57a2d4851a1d" />
    <TestEntry testId="101f1cce-f373-0cd4-c78b-3b8aa5850349" executionId="2e00a521-63d1-4a24-8306-dcfe996cc111" testListId="8c84fa94-04c1-424b-9868-57a2d4851a1d" />
    <TestEntry testId="d27d7869-e99e-a480-8a65-0f80804ae2c9" executionId="bcee70cd-be70-41d6-8105-869d576f7b69" testListId="8c84fa94-04c1-424b-9868-57a2d4851a1d" />
    <TestEntry testId="ad6352f7-36b2-f363-9357-ca419396ef39" executionId="d322bce8-5f25-4460-b52a-b34bfbb60137" testListId="8c84fa94-04c1-424b-9868-57a2d4851a1d" />
    <TestEntry testId="f4c1cec5-11f3-210f-0bd9-eec66ea9231c" executionId="64eb63b6-b5b2-4d47-80f7-56f401eb951a" testListId="8c84fa94-04c1-424b-9868-57a2d4851a1d" />
    <TestEntry testId="580c5256-d948-186c-a1d6-51f5944a567a" executionId="702340e7-f6b7-4f00-af3b-f371c4eebc5c" testListId="8c84fa94-04c1-424b-9868-57a2d4851a1d" />
    <TestEntry testId="e0798c70-d8a4-f8c3-e09b-2b8cc0dce115" executionId="62f59eee-f872-4f72-896b-3f2dbebe392d" testListId="8c84fa94-04c1-424b-9868-57a2d4851a1d" />
    <TestEntry testId="7820347c-3b41-f831-728a-5666a92df999" executionId="e8dc5abc-08f2-4013-877a-9c5ca8c4909b" testListId="8c84fa94-04c1-424b-9868-57a2d4851a1d" />
    <TestEntry testId="1365bd74-991d-d679-8e9c-096585fa8014" executionId="34c42102-3277-430d-b924-c791b7eefde8" testListId="8c84fa94-04c1-424b-9868-57a2d4851a1d" />
    <TestEntry testId="72a245c5-8303-8033-4ba1-7c65444a23c0" executionId="d7f6437e-d6cd-4583-8861-27437c2c5efc" testListId="8c84fa94-04c1-424b-9868-57a2d4851a1d" />
    <TestEntry testId="9a4f90c0-3d29-91a9-43f9-35b40072bd80" executionId="3344b965-1e74-4609-8200-e57ba86f8f87" testListId="8c84fa94-04c1-424b-9868-57a2d4851a1d" />
    <TestEntry testId="fecfc41a-fa05-ad9e-0617-598c334238b6" executionId="96a72c40-ec1c-47fd-bac4-8d696f0aa3be" testListId="8c84fa94-04c1-424b-9868-57a2d4851a1d" />
    <TestEntry testId="d9fb277e-53a2-0d35-af55-2ce46f389ab8" executionId="f30060b5-489d-42bd-b96f-897d8d0efd66" testListId="8c84fa94-04c1-424b-9868-57a2d4851a1d" />
    <TestEntry testId="42e61ec1-0228-09d2-dfde-bac20836d081" executionId="94a05507-6819-43f1-89b3-2e88add5da95" testListId="8c84fa94-04c1-424b-9868-57a2d4851a1d" />
    <TestEntry testId="14cf1ee2-40dc-a8af-ab90-df685f2c05fa" executionId="77f16f85-e187-477b-8069-47cce5a3faf0" testListId="8c84fa94-04c1-424b-9868-57a2d4851a1d" />
    <TestEntry testId="8c2530d7-b4a1-4733-ea76-ec58dbd6dd4d" executionId="ee025184-e0cd-4ba9-86a7-65d8b54ffdf0" testListId="8c84fa94-04c1-424b-9868-57a2d4851a1d" />
    <TestEntry testId="b600bbb8-20ea-0af2-110f-8271bb902d07" executionId="3c06f0c1-1f35-4ff8-8304-60c1dfc916a2" testListId="8c84fa94-04c1-424b-9868-57a2d4851a1d" />
    <TestEntry testId="4f5ac861-5496-6510-78ec-571545423e2a" executionId="65aa907c-d7a7-421e-b1c9-ed4bce4e2ece" testListId="8c84fa94-04c1-424b-9868-57a2d4851a1d" />
    <TestEntry testId="64680949-2c95-40fb-04c9-20f66339f186" executionId="a275a433-8f75-4bc7-a686-87458fab4626" testListId="8c84fa94-04c1-424b-9868-57a2d4851a1d" />
    <TestEntry testId="7700c106-584f-7e6e-9de5-850cbaec5293" executionId="0bf1ae9d-2e2d-466e-8b78-5c387b76fdde" testListId="8c84fa94-04c1-424b-9868-57a2d4851a1d" />
    <TestEntry testId="6eedc2a9-9261-55df-07f7-320245c2b760" executionId="bf1b8981-3326-443c-b9cd-365e447d46e3" testListId="8c84fa94-04c1-424b-9868-57a2d4851a1d" />
    <TestEntry testId="0805a05d-033c-d150-5516-f5657e22b584" executionId="98958499-fe8c-4a7c-80c8-84daf4f57a4e" testListId="8c84fa94-04c1-424b-9868-57a2d4851a1d" />
  </TestEntries>
  <TestLists>
    <TestList name="Results Not in a List" id="8c84fa94-04c1-424b-9868-57a2d4851a1d" />
    <TestList name="All Loaded Results" id="19431567-8539-422a-85d7-44ee4e166bda" />
  </TestLists>
  <ResultSummary outcome="Failed">
    <Counters total="486" executed="486" passed="485" failed="1" error="0" timeout="0" aborted="0" inconclusive="0" passedButRunAborted="0" notRunnable="0" notExecuted="0" disconnected="0" warning="0" completed="0" inProgress="0" pending="0" />
    <Output>
      <StdOut>[xUnit.net 00:00:00.00] xUnit.net VSTest Adapter v4.0.0+05679a7ab5 (64-bit .NET 10.0.12)
[xUnit.net 00:00:00.14]   Discovering: MyloMail.Api.Tests
[xUnit.net 00:00:00.26]   Discovered:  MyloMail.Api.Tests
[xUnit.net 00:00:00.32]   Starting:    MyloMail.Api.Tests
[xUnit.net 00:00:20.39]       Assert.Single() Failure: The collection contained 2 items
[xUnit.net 00:00:20.39]       Collection: ["local:c0f37a7faade430eb3791abc8e4ea719", "local:6e278ddd0cf940ddb7a4399b42ffb1a6"]
[xUnit.net 00:00:20.39]       Stack Trace:
[xUnit.net 00:00:20.39]         /home/leo/repos/mylomail/server/MyloMail.Api.Tests/Sync/MessageThreadingTests.cs(197,0): at MyloMail.Api.Tests.Sync.MessageThreadingTests.&lt;&gt;c__DisplayClass3_0.&lt;&lt;A_new_ancestor_rethreads_its_persisted_parent_before_a_new_child_is_assigned&gt;b__0&gt;d.MoveNext()
[xUnit.net 00:00:20.39]         --- End of stack trace from previous location ---
[xUnit.net 00:00:20.39]         /home/leo/repos/mylomail/server/MyloMail.Api.Tests/Sync/SyncHarness.cs(100,0): at MyloMail.Api.Tests.Sync.SyncHarness.UsingAsync(Func`2 work)
[xUnit.net 00:00:20.39]         /home/leo/repos/mylomail/server/MyloMail.Api.Tests/Sync/SyncHarness.cs(100,0): at MyloMail.Api.Tests.Sync.SyncHarness.UsingAsync(Func`2 work)
[xUnit.net 00:00:20.39]         /home/leo/repos/mylomail/server/MyloMail.Api.Tests/Sync/MessageThreadingTests.cs(158,0): at MyloMail.Api.Tests.Sync.MessageThreadingTests.A_new_ancestor_rethreads_its_persisted_parent_before_a_new_child_is_assigned()
[xUnit.net 00:00:20.39]         /home/leo/repos/mylomail/server/MyloMail.Api.Tests/Sync/MessageThreadingTests.cs(158,0): at MyloMail.Api.Tests.Sync.MessageThreadingTests.A_new_ancestor_rethreads_its_persisted_parent_before_a_new_child_is_assigned()
[xUnit.net 00:00:20.39]         --- End of stack trace from previous location ---
[xUnit.net 00:00:26.33]   Finished:    MyloMail.Api.Tests
</StdOut>
    </Output>
    <RunInfos>
      <RunInfo computerName="LEO-UBUNTU" outcome="Error" timestamp="2026-09-11T17:56:15.3077164+10:00">
        <Text>[xUnit.net 00:00:20.39]     MyloMail.Api.Tests.Sync.MessageThreadingTests.A_new_ancestor_rethreads_its_persisted_parent_before_a_new_child_is_assigned [FAIL]</Text>
      </RunInfo>
    </RunInfos>
  </ResultSummary>
</TestRun>